Started GET "/" for ::1 at 2020-01-28 19:44:21 +0800
  
ActiveRecord::NoDatabaseError (FATAL:  database "noticeboard_app_api_development" does not exist
):
  
activerecord (5.1.7) lib/active_record/connection_adapters/postgresql_adapter.rb:709:in `rescue in connect'
activerecord (5.1.7) lib/active_record/connection_adapters/postgresql_adapter.rb:705:in `connect'
activerecord (5.1.7) lib/active_record/connection_adapters/postgresql_adapter.rb:229:in `initialize'
activerecord (5.1.7) lib/active_record/connection_adapters/postgresql_adapter.rb:46:in `new'
activerecord (5.1.7) lib/active_record/connection_adapters/postgresql_adapter.rb:46:in `postgresql_connection'
activerecord (5.1.7) lib/active_record/connection_adapters/abstract/connection_pool.rb:761:in `new_connection'
activerecord (5.1.7) lib/active_record/connection_adapters/abstract/connection_pool.rb:805:in `checkout_new_connection'
activerecord (5.1.7) lib/active_record/connection_adapters/abstract/connection_pool.rb:784:in `try_to_checkout_new_connection'
activerecord (5.1.7) lib/active_record/connection_adapters/abstract/connection_pool.rb:745:in `acquire_connection'
activerecord (5.1.7) lib/active_record/connection_adapters/abstract/connection_pool.rb:502:in `checkout'
activerecord (5.1.7) lib/active_record/connection_adapters/abstract/connection_pool.rb:376:in `connection'
activerecord (5.1.7) lib/active_record/connection_adapters/abstract/connection_pool.rb:933:in `retrieve_connection'
activerecord (5.1.7) lib/active_record/connection_handling.rb:116:in `retrieve_connection'
activerecord (5.1.7) lib/active_record/connection_handling.rb:88:in `connection'
activerecord (5.1.7) lib/active_record/migration.rb:562:in `connection'
activerecord (5.1.7) lib/active_record/migration.rb:553:in `call'
actionpack (5.1.7) lib/action_dispatch/middleware/callbacks.rb:26:in `block in call'
activesupport (5.1.7) lib/active_support/callbacks.rb:97:in `run_callbacks'
actionpack (5.1.7) lib/action_dispatch/middleware/callbacks.rb:24:in `call'
actionpack (5.1.7) lib/action_dispatch/middleware/executor.rb:12:in `call'
actionpack (5.1.7) lib/action_dispatch/middleware/debug_exceptions.rb:59:in `call'
actionpack (5.1.7) lib/action_dispatch/middleware/show_exceptions.rb:31:in `call'
railties (5.1.7) lib/rails/rack/logger.rb:36:in `call_app'
railties (5.1.7) lib/rails/rack/logger.rb:24:in `block in call'
activesupport (5.1.7) lib/active_support/tagged_logging.rb:69:in `block in tagged'
activesupport (5.1.7) lib/active_support/tagged_logging.rb:26:in `tagged'
activesupport (5.1.7) lib/active_support/tagged_logging.rb:69:in `tagged'
railties (5.1.7) lib/rails/rack/logger.rb:24:in `call'
actionpack (5.1.7) lib/action_dispatch/middleware/remote_ip.rb:79:in `call'
actionpack (5.1.7) lib/action_dispatch/middleware/request_id.rb:25:in `call'
rack (2.1.2) lib/rack/runtime.rb:24:in `call'
activesupport (5.1.7) lib/active_support/cache/strategy/local_cache_middleware.rb:27:in `call'
actionpack (5.1.7) lib/action_dispatch/middleware/executor.rb:12:in `call'
actionpack (5.1.7) lib/action_dispatch/middleware/static.rb:125:in `call'
rack (2.1.2) lib/rack/sendfile.rb:113:in `call'
railties (5.1.7) lib/rails/engine.rb:522:in `call'
puma (3.12.2) lib/puma/configuration.rb:227:in `call'
puma (3.12.2) lib/puma/server.rb:674:in `handle_request'
puma (3.12.2) lib/puma/server.rb:476:in `process_client'
puma (3.12.2) lib/puma/server.rb:334:in `block in run'
puma (3.12.2) lib/puma/thread_pool.rb:135:in `block in spawn_thread'
Started GET "/favicon.ico" for ::1 at 2020-01-28 19:44:25 +0800
  
ActiveRecord::NoDatabaseError (FATAL:  database "noticeboard_app_api_development" does not exist
):
  
activerecord (5.1.7) lib/active_record/connection_adapters/postgresql_adapter.rb:709:in `rescue in connect'
activerecord (5.1.7) lib/active_record/connection_adapters/postgresql_adapter.rb:705:in `connect'
activerecord (5.1.7) lib/active_record/connection_adapters/postgresql_adapter.rb:229:in `initialize'
activerecord (5.1.7) lib/active_record/connection_adapters/postgresql_adapter.rb:46:in `new'
activerecord (5.1.7) lib/active_record/connection_adapters/postgresql_adapter.rb:46:in `postgresql_connection'
activerecord (5.1.7) lib/active_record/connection_adapters/abstract/connection_pool.rb:761:in `new_connection'
activerecord (5.1.7) lib/active_record/connection_adapters/abstract/connection_pool.rb:805:in `checkout_new_connection'
activerecord (5.1.7) lib/active_record/connection_adapters/abstract/connection_pool.rb:784:in `try_to_checkout_new_connection'
activerecord (5.1.7) lib/active_record/connection_adapters/abstract/connection_pool.rb:745:in `acquire_connection'
activerecord (5.1.7) lib/active_record/connection_adapters/abstract/connection_pool.rb:502:in `checkout'
activerecord (5.1.7) lib/active_record/connection_adapters/abstract/connection_pool.rb:376:in `connection'
activerecord (5.1.7) lib/active_record/connection_adapters/abstract/connection_pool.rb:933:in `retrieve_connection'
activerecord (5.1.7) lib/active_record/connection_handling.rb:116:in `retrieve_connection'
activerecord (5.1.7) lib/active_record/connection_handling.rb:88:in `connection'
activerecord (5.1.7) lib/active_record/migration.rb:562:in `connection'
activerecord (5.1.7) lib/active_record/migration.rb:553:in `call'
actionpack (5.1.7) lib/action_dispatch/middleware/callbacks.rb:26:in `block in call'
activesupport (5.1.7) lib/active_support/callbacks.rb:97:in `run_callbacks'
actionpack (5.1.7) lib/action_dispatch/middleware/callbacks.rb:24:in `call'
actionpack (5.1.7) lib/action_dispatch/middleware/executor.rb:12:in `call'
actionpack (5.1.7) lib/action_dispatch/middleware/debug_exceptions.rb:59:in `call'
actionpack (5.1.7) lib/action_dispatch/middleware/show_exceptions.rb:31:in `call'
railties (5.1.7) lib/rails/rack/logger.rb:36:in `call_app'
railties (5.1.7) lib/rails/rack/logger.rb:24:in `block in call'
activesupport (5.1.7) lib/active_support/tagged_logging.rb:69:in `block in tagged'
activesupport (5.1.7) lib/active_support/tagged_logging.rb:26:in `tagged'
activesupport (5.1.7) lib/active_support/tagged_logging.rb:69:in `tagged'
railties (5.1.7) lib/rails/rack/logger.rb:24:in `call'
actionpack (5.1.7) lib/action_dispatch/middleware/remote_ip.rb:79:in `call'
actionpack (5.1.7) lib/action_dispatch/middleware/request_id.rb:25:in `call'
rack (2.1.2) lib/rack/runtime.rb:24:in `call'
activesupport (5.1.7) lib/active_support/cache/strategy/local_cache_middleware.rb:27:in `call'
actionpack (5.1.7) lib/action_dispatch/middleware/executor.rb:12:in `call'
actionpack (5.1.7) lib/action_dispatch/middleware/static.rb:125:in `call'
rack (2.1.2) lib/rack/sendfile.rb:113:in `call'
railties (5.1.7) lib/rails/engine.rb:522:in `call'
puma (3.12.2) lib/puma/configuration.rb:227:in `call'
puma (3.12.2) lib/puma/server.rb:674:in `handle_request'
puma (3.12.2) lib/puma/server.rb:476:in `process_client'
puma (3.12.2) lib/puma/server.rb:334:in `block in run'
puma (3.12.2) lib/puma/thread_pool.rb:135:in `block in spawn_thread'
Started GET "/notices" for ::1 at 2020-01-28 19:44:28 +0800
  
ActiveRecord::NoDatabaseError (FATAL:  database "noticeboard_app_api_development" does not exist
):
  
activerecord (5.1.7) lib/active_record/connection_adapters/postgresql_adapter.rb:709:in `rescue in connect'
activerecord (5.1.7) lib/active_record/connection_adapters/postgresql_adapter.rb:705:in `connect'
activerecord (5.1.7) lib/active_record/connection_adapters/postgresql_adapter.rb:229:in `initialize'
activerecord (5.1.7) lib/active_record/connection_adapters/postgresql_adapter.rb:46:in `new'
activerecord (5.1.7) lib/active_record/connection_adapters/postgresql_adapter.rb:46:in `postgresql_connection'
activerecord (5.1.7) lib/active_record/connection_adapters/abstract/connection_pool.rb:761:in `new_connection'
activerecord (5.1.7) lib/active_record/connection_adapters/abstract/connection_pool.rb:805:in `checkout_new_connection'
activerecord (5.1.7) lib/active_record/connection_adapters/abstract/connection_pool.rb:784:in `try_to_checkout_new_connection'
activerecord (5.1.7) lib/active_record/connection_adapters/abstract/connection_pool.rb:745:in `acquire_connection'
activerecord (5.1.7) lib/active_record/connection_adapters/abstract/connection_pool.rb:502:in `checkout'
activerecord (5.1.7) lib/active_record/connection_adapters/abstract/connection_pool.rb:376:in `connection'
activerecord (5.1.7) lib/active_record/connection_adapters/abstract/connection_pool.rb:933:in `retrieve_connection'
activerecord (5.1.7) lib/active_record/connection_handling.rb:116:in `retrieve_connection'
activerecord (5.1.7) lib/active_record/connection_handling.rb:88:in `connection'
activerecord (5.1.7) lib/active_record/migration.rb:562:in `connection'
activerecord (5.1.7) lib/active_record/migration.rb:553:in `call'
actionpack (5.1.7) lib/action_dispatch/middleware/callbacks.rb:26:in `block in call'
activesupport (5.1.7) lib/active_support/callbacks.rb:97:in `run_callbacks'
actionpack (5.1.7) lib/action_dispatch/middleware/callbacks.rb:24:in `call'
actionpack (5.1.7) lib/action_dispatch/middleware/executor.rb:12:in `call'
actionpack (5.1.7) lib/action_dispatch/middleware/debug_exceptions.rb:59:in `call'
actionpack (5.1.7) lib/action_dispatch/middleware/show_exceptions.rb:31:in `call'
railties (5.1.7) lib/rails/rack/logger.rb:36:in `call_app'
railties (5.1.7) lib/rails/rack/logger.rb:24:in `block in call'
activesupport (5.1.7) lib/active_support/tagged_logging.rb:69:in `block in tagged'
activesupport (5.1.7) lib/active_support/tagged_logging.rb:26:in `tagged'
activesupport (5.1.7) lib/active_support/tagged_logging.rb:69:in `tagged'
railties (5.1.7) lib/rails/rack/logger.rb:24:in `call'
actionpack (5.1.7) lib/action_dispatch/middleware/remote_ip.rb:79:in `call'
actionpack (5.1.7) lib/action_dispatch/middleware/request_id.rb:25:in `call'
rack (2.1.2) lib/rack/runtime.rb:24:in `call'
activesupport (5.1.7) lib/active_support/cache/strategy/local_cache_middleware.rb:27:in `call'
actionpack (5.1.7) lib/action_dispatch/middleware/executor.rb:12:in `call'
actionpack (5.1.7) lib/action_dispatch/middleware/static.rb:125:in `call'
rack (2.1.2) lib/rack/sendfile.rb:113:in `call'
railties (5.1.7) lib/rails/engine.rb:522:in `call'
puma (3.12.2) lib/puma/configuration.rb:227:in `call'
puma (3.12.2) lib/puma/server.rb:674:in `handle_request'
puma (3.12.2) lib/puma/server.rb:476:in `process_client'
puma (3.12.2) lib/puma/server.rb:334:in `block in run'
puma (3.12.2) lib/puma/thread_pool.rb:135:in `block in spawn_thread'
Started GET "/favicon.ico" for ::1 at 2020-01-28 19:44:32 +0800
  
ActiveRecord::NoDatabaseError (FATAL:  database "noticeboard_app_api_development" does not exist
):
  
activerecord (5.1.7) lib/active_record/connection_adapters/postgresql_adapter.rb:709:in `rescue in connect'
activerecord (5.1.7) lib/active_record/connection_adapters/postgresql_adapter.rb:705:in `connect'
activerecord (5.1.7) lib/active_record/connection_adapters/postgresql_adapter.rb:229:in `initialize'
activerecord (5.1.7) lib/active_record/connection_adapters/postgresql_adapter.rb:46:in `new'
activerecord (5.1.7) lib/active_record/connection_adapters/postgresql_adapter.rb:46:in `postgresql_connection'
activerecord (5.1.7) lib/active_record/connection_adapters/abstract/connection_pool.rb:761:in `new_connection'
activerecord (5.1.7) lib/active_record/connection_adapters/abstract/connection_pool.rb:805:in `checkout_new_connection'
activerecord (5.1.7) lib/active_record/connection_adapters/abstract/connection_pool.rb:784:in `try_to_checkout_new_connection'
activerecord (5.1.7) lib/active_record/connection_adapters/abstract/connection_pool.rb:745:in `acquire_connection'
activerecord (5.1.7) lib/active_record/connection_adapters/abstract/connection_pool.rb:502:in `checkout'
activerecord (5.1.7) lib/active_record/connection_adapters/abstract/connection_pool.rb:376:in `connection'
activerecord (5.1.7) lib/active_record/connection_adapters/abstract/connection_pool.rb:933:in `retrieve_connection'
activerecord (5.1.7) lib/active_record/connection_handling.rb:116:in `retrieve_connection'
activerecord (5.1.7) lib/active_record/connection_handling.rb:88:in `connection'
activerecord (5.1.7) lib/active_record/migration.rb:562:in `connection'
activerecord (5.1.7) lib/active_record/migration.rb:553:in `call'
actionpack (5.1.7) lib/action_dispatch/middleware/callbacks.rb:26:in `block in call'
activesupport (5.1.7) lib/active_support/callbacks.rb:97:in `run_callbacks'
actionpack (5.1.7) lib/action_dispatch/middleware/callbacks.rb:24:in `call'
actionpack (5.1.7) lib/action_dispatch/middleware/executor.rb:12:in `call'
actionpack (5.1.7) lib/action_dispatch/middleware/debug_exceptions.rb:59:in `call'
actionpack (5.1.7) lib/action_dispatch/middleware/show_exceptions.rb:31:in `call'
railties (5.1.7) lib/rails/rack/logger.rb:36:in `call_app'
railties (5.1.7) lib/rails/rack/logger.rb:24:in `block in call'
activesupport (5.1.7) lib/active_support/tagged_logging.rb:69:in `block in tagged'
activesupport (5.1.7) lib/active_support/tagged_logging.rb:26:in `tagged'
activesupport (5.1.7) lib/active_support/tagged_logging.rb:69:in `tagged'
railties (5.1.7) lib/rails/rack/logger.rb:24:in `call'
actionpack (5.1.7) lib/action_dispatch/middleware/remote_ip.rb:79:in `call'
actionpack (5.1.7) lib/action_dispatch/middleware/request_id.rb:25:in `call'
rack (2.1.2) lib/rack/runtime.rb:24:in `call'
activesupport (5.1.7) lib/active_support/cache/strategy/local_cache_middleware.rb:27:in `call'
actionpack (5.1.7) lib/action_dispatch/middleware/executor.rb:12:in `call'
actionpack (5.1.7) lib/action_dispatch/middleware/static.rb:125:in `call'
rack (2.1.2) lib/rack/sendfile.rb:113:in `call'
railties (5.1.7) lib/rails/engine.rb:522:in `call'
puma (3.12.2) lib/puma/configuration.rb:227:in `call'
puma (3.12.2) lib/puma/server.rb:674:in `handle_request'
puma (3.12.2) lib/puma/server.rb:476:in `process_client'
puma (3.12.2) lib/puma/server.rb:334:in `block in run'
puma (3.12.2) lib/puma/thread_pool.rb:135:in `block in spawn_thread'
  [1m[35m (27.5ms)[0m  [1m[35mCREATE TABLE "schema_migrations" ("version" character varying NOT NULL PRIMARY KEY)[0m
  [1m[35m (13.9ms)[0m  [1m[35mCREATE TABLE "ar_internal_metadata" ("key" character varying NOT NULL PRIMARY KEY, "value" character varying, "created_at" timestamp NOT NULL, "updated_at" timestamp NOT NULL)[0m
  [1m[35m (0.6ms)[0m  [1m[34mSELECT pg_try_advisory_lock(2294373376959684510)[0m
  [1m[35m (1.0ms)[0m  [1m[34mSELECT "schema_migrations"."version" FROM "schema_migrations" ORDER BY "schema_migrations"."version" ASC[0m
Migrating to CreateNotices (20200128113030)
  [1m[35m (0.0ms)[0m  [1m[35mBEGIN[0m
  [1m[35m (22.9ms)[0m  [1m[35mCREATE TABLE "notices" ("id" bigserial primary key, "title" character varying, "author" character varying, "content" character varying, "created_at" timestamp NOT NULL, "updated_at" timestamp NOT NULL)[0m
  [1m[35mSQL (1.0ms)[0m  [1m[32mINSERT INTO "schema_migrations" ("version") VALUES ($1) RETURNING "version"[0m  [["version", "20200128113030"]]
  [1m[35m (1.0ms)[0m  [1m[35mCOMMIT[0m
  [1m[36mActiveRecord::InternalMetadata Load (1.0ms)[0m  [1m[34mSELECT  "ar_internal_metadata".* FROM "ar_internal_metadata" WHERE "ar_internal_metadata"."key" = $1 LIMIT $2[0m  [["key", "environment"], ["LIMIT", 1]]
  [1m[35m (0.0ms)[0m  [1m[35mBEGIN[0m
  [1m[35mSQL (3.0ms)[0m  [1m[32mINSERT INTO "ar_internal_metadata" ("key", "value", "created_at", "updated_at") VALUES ($1, $2, $3, $4) RETURNING "key"[0m  [["key", "environment"], ["value", "development"], ["created_at", "2020-01-28 12:01:58.080605"], ["updated_at", "2020-01-28 12:01:58.080605"]]
  [1m[35m (1.3ms)[0m  [1m[35mCOMMIT[0m
  [1m[35m (0.7ms)[0m  [1m[34mSELECT pg_advisory_unlock(2294373376959684510)[0m
  [1m[35m (1.0ms)[0m  [1m[34mSELECT "schema_migrations"."version" FROM "schema_migrations" ORDER BY "schema_migrations"."version" ASC[0m
  [1m[35m (2.0ms)[0m  [1m[34mSELECT "schema_migrations"."version" FROM "schema_migrations" ORDER BY "schema_migrations"."version" ASC[0m
  [1m[35m (1.0ms)[0m  [1m[35mBEGIN[0m
  [1m[35mSQL (1.4ms)[0m  [1m[32mINSERT INTO "notices" ("title", "author", "content", "created_at", "updated_at") VALUES ($1, $2, $3, $4, $5) RETURNING "id"[0m  [["title", "Black as midnight on a moonless night."], ["author", "Benjamin Sisko"], ["content", "Ut voluptas voluptate. Qui quod dolores. Voluptas dolor dolorum."], ["created_at", "2020-01-28 12:03:14.243725"], ["updated_at", "2020-01-28 12:03:14.243725"]]
  [1m[35m (1.0ms)[0m  [1m[35mCOMMIT[0m
  [1m[35m (0.4ms)[0m  [1m[35mBEGIN[0m
  [1m[35mSQL (0.0ms)[0m  [1m[32mINSERT INTO "notices" ("title", "author", "content", "created_at", "updated_at") VALUES ($1, $2, $3, $4, $5) RETURNING "id"[0m  [["title", "Damn fine coffee! And hot!"], ["author", "Neelix"], ["content", "Corporis accusamus totam. Dolores dolor iure. Adipisci nihil aut."], ["created_at", "2020-01-28 12:03:14.248845"], ["updated_at", "2020-01-28 12:03:14.248845"]]
  [1m[35m (1.1ms)[0m  [1m[35mCOMMIT[0m
  [1m[35m (0.0ms)[0m  [1m[35mBEGIN[0m
  [1m[35mSQL (0.0ms)[0m  [1m[32mINSERT INTO "notices" ("title", "author", "content", "created_at", "updated_at") VALUES ($1, $2, $3, $4, $5) RETURNING "id"[0m  [["title", "Will this sadness that makes me cry my heart out — will it ever end? The answer, of course, is yes. One day the sadness will end."], ["author", "Worf"], ["content", "Ipsa recusandae quam. Unde et ab. Sunt excepturi mollitia."], ["created_at", "2020-01-28 12:03:14.251447"], ["updated_at", "2020-01-28 12:03:14.251447"]]
  [1m[35m (1.0ms)[0m  [1m[35mCOMMIT[0m
  [1m[35m (0.4ms)[0m  [1m[35mBEGIN[0m
  [1m[35mSQL (0.4ms)[0m  [1m[32mINSERT INTO "notices" ("title", "author", "content", "created_at", "updated_at") VALUES ($1, $2, $3, $4, $5) RETURNING "id"[0m  [["title", "That gum you like is going to come back in style."], ["author", "Kes"], ["content", "Sequi magni ex. Ut nam ipsum. Exercitationem nulla iusto."], ["created_at", "2020-01-28 12:03:14.254850"], ["updated_at", "2020-01-28 12:03:14.254850"]]
  [1m[35m (0.0ms)[0m  [1m[35mCOMMIT[0m
  [1m[35m (0.8ms)[0m  [1m[35mBEGIN[0m
  [1m[35mSQL (0.1ms)[0m  [1m[32mINSERT INTO "notices" ("title", "author", "content", "created_at", "updated_at") VALUES ($1, $2, $3, $4, $5) RETURNING "id"[0m  [["title", "It has been a pleasure speaking to you."], ["author", "Pavel Chekov"], ["content", "Quos molestias nihil. Consectetur enim ab. Perferendis unde ut."], ["created_at", "2020-01-28 12:03:14.258395"], ["updated_at", "2020-01-28 12:03:14.258395"]]
  [1m[35m (0.9ms)[0m  [1m[35mCOMMIT[0m
  [1m[35m (1.2ms)[0m  [1m[35mBEGIN[0m
  [1m[35mSQL (0.6ms)[0m  [1m[32mINSERT INTO "notices" ("title", "author", "content", "created_at", "updated_at") VALUES ($1, $2, $3, $4, $5) RETURNING "id"[0m  [["title", "YOU ARE WITNESSING A FRONT THREE-QUARTER VIEW OF TWO ADULTS SHARING A TENDER MOMENT"], ["author", "The Doctor"], ["content", "Iste non ea. Magnam rerum esse. Cumque voluptas maxime."], ["created_at", "2020-01-28 12:03:14.261585"], ["updated_at", "2020-01-28 12:03:14.261585"]]
  [1m[35m (0.9ms)[0m  [1m[35mCOMMIT[0m
  [1m[35m (0.9ms)[0m  [1m[35mBEGIN[0m
  [1m[35mSQL (0.0ms)[0m  [1m[32mINSERT INTO "notices" ("title", "author", "content", "created_at", "updated_at") VALUES ($1, $2, $3, $4, $5) RETURNING "id"[0m  [["title", "She's dead... Wrapped in plastic."], ["author", "Jake Sisko"], ["content", "Rem ea facilis. Libero eveniet numquam. Qui officiis omnis."], ["created_at", "2020-01-28 12:03:14.265176"], ["updated_at", "2020-01-28 12:03:14.265176"]]
  [1m[35m (0.0ms)[0m  [1m[35mCOMMIT[0m
  [1m[35m (0.7ms)[0m  [1m[35mBEGIN[0m
  [1m[35mSQL (0.1ms)[0m  [1m[32mINSERT INTO "notices" ("title", "author", "content", "created_at", "updated_at") VALUES ($1, $2, $3, $4, $5) RETURNING "id"[0m  [["title", "Every day, once a day, give yourself a present."], ["author", "Tuvok"], ["content", "Distinctio dignissimos modi. Repudiandae inventore omnis. Eum natus quia."], ["created_at", "2020-01-28 12:03:14.269175"], ["updated_at", "2020-01-28 12:03:14.269175"]]
  [1m[35m (1.0ms)[0m  [1m[35mCOMMIT[0m
  [1m[35m (0.2ms)[0m  [1m[35mBEGIN[0m
  [1m[35mSQL (0.5ms)[0m  [1m[32mINSERT INTO "notices" ("title", "author", "content", "created_at", "updated_at") VALUES ($1, $2, $3, $4, $5) RETURNING "id"[0m  [["title", "Black as midnight on a moonless night."], ["author", "Malcolm Reed"], ["content", "Tempore nobis vero. Omnis ipsum est. Beatae autem reiciendis."], ["created_at", "2020-01-28 12:03:14.272294"], ["updated_at", "2020-01-28 12:03:14.272294"]]
  [1m[35m (0.0ms)[0m  [1m[35mCOMMIT[0m
  [1m[35m (0.8ms)[0m  [1m[35mBEGIN[0m
  [1m[35mSQL (1.2ms)[0m  [1m[32mINSERT INTO "notices" ("title", "author", "content", "created_at", "updated_at") VALUES ($1, $2, $3, $4, $5) RETURNING "id"[0m  [["title", "The owls are not what they seem."], ["author", "Pavel Chekov"], ["content", "Et et quia. Omnis tenetur occaecati. Dolorem quisquam molestiae."], ["created_at", "2020-01-28 12:03:14.276118"], ["updated_at", "2020-01-28 12:03:14.276118"]]
  [1m[35m (0.8ms)[0m  [1m[35mCOMMIT[0m
  [1m[35m (0.3ms)[0m  [1m[35mBEGIN[0m
  [1m[35mSQL (0.0ms)[0m  [1m[32mINSERT INTO "notices" ("title", "author", "content", "created_at", "updated_at") VALUES ($1, $2, $3, $4, $5) RETURNING "id"[0m  [["title", "Black as midnight on a moonless night."], ["author", "Data"], ["content", "Possimus officiis quidem. Quis vel est. Quas cupiditate assumenda."], ["created_at", "2020-01-28 12:03:14.279459"], ["updated_at", "2020-01-28 12:03:14.279459"]]
  [1m[35m (0.0ms)[0m  [1m[35mCOMMIT[0m
  [1m[35m (0.0ms)[0m  [1m[35mBEGIN[0m
  [1m[35mSQL (0.0ms)[0m  [1m[32mINSERT INTO "notices" ("title", "author", "content", "created_at", "updated_at") VALUES ($1, $2, $3, $4, $5) RETURNING "id"[0m  [["title", "I don't wanna talk. I wanna shoot."], ["author", "Leonard McCoy"], ["content", "In consequatur numquam. Error non quo. Rem et ad."], ["created_at", "2020-01-28 12:03:14.283677"], ["updated_at", "2020-01-28 12:03:14.283677"]]
  [1m[35m (1.0ms)[0m  [1m[35mCOMMIT[0m
  [1m[35m (0.7ms)[0m  [1m[35mBEGIN[0m
  [1m[35mSQL (1.1ms)[0m  [1m[32mINSERT INTO "notices" ("title", "author", "content", "created_at", "updated_at") VALUES ($1, $2, $3, $4, $5) RETURNING "id"[0m  [["title", "You may think I've gone insane... but I promise. I will kill again."], ["author", "Worf"], ["content", "Non quia molestiae. Quidem officiis libero. Omnis architecto voluptate."], ["created_at", "2020-01-28 12:03:14.287667"], ["updated_at", "2020-01-28 12:03:14.287667"]]
  [1m[35m (0.5ms)[0m  [1m[35mCOMMIT[0m
  [1m[35m (0.0ms)[0m  [1m[35mBEGIN[0m
  [1m[35mSQL (0.1ms)[0m  [1m[32mINSERT INTO "notices" ("title", "author", "content", "created_at", "updated_at") VALUES ($1, $2, $3, $4, $5) RETURNING "id"[0m  [["title", "There's nothing quite like urinating in the open air."], ["author", "Kes"], ["content", "Dignissimos dolores velit. Quasi veritatis eum. Debitis sapiente voluptatem."], ["created_at", "2020-01-28 12:03:14.291618"], ["updated_at", "2020-01-28 12:03:14.291618"]]
  [1m[35m (1.0ms)[0m  [1m[35mCOMMIT[0m
  [1m[35m (0.6ms)[0m  [1m[35mBEGIN[0m
  [1m[35mSQL (1.0ms)[0m  [1m[32mINSERT INTO "notices" ("title", "author", "content", "created_at", "updated_at") VALUES ($1, $2, $3, $4, $5) RETURNING "id"[0m  [["title", "Harry, is that bag smiling?"], ["author", "William T. Riker"], ["content", "Expedita quia est. Beatae est earum. Architecto nisi est."], ["created_at", "2020-01-28 12:03:14.295213"], ["updated_at", "2020-01-28 12:03:14.295213"]]
  [1m[35m (0.0ms)[0m  [1m[35mCOMMIT[0m
  [1m[35m (1.0ms)[0m  [1m[35mBEGIN[0m
  [1m[35mSQL (0.9ms)[0m  [1m[32mINSERT INTO "notices" ("title", "author", "content", "created_at", "updated_at") VALUES ($1, $2, $3, $4, $5) RETURNING "id"[0m  [["title", "J'ai une âme solitaire."], ["author", "Benjamin Sisko"], ["content", "Aut officia eos. Ullam et quae. Cupiditate eum esse."], ["created_at", "2020-01-28 12:03:14.299599"], ["updated_at", "2020-01-28 12:03:14.299599"]]
  [1m[35m (1.0ms)[0m  [1m[35mCOMMIT[0m
  [1m[35m (0.9ms)[0m  [1m[35mBEGIN[0m
  [1m[35mSQL (0.7ms)[0m  [1m[32mINSERT INTO "notices" ("title", "author", "content", "created_at", "updated_at") VALUES ($1, $2, $3, $4, $5) RETURNING "id"[0m  [["title", "Will this sadness that makes me cry my heart out — will it ever end? The answer, of course, is yes. One day the sadness will end."], ["author", "Odo"], ["content", "Dicta autem doloribus. Laborum reprehenderit aperiam. Esse quos consectetur."], ["created_at", "2020-01-28 12:03:14.304585"], ["updated_at", "2020-01-28 12:03:14.304585"]]
  [1m[35m (1.0ms)[0m  [1m[35mCOMMIT[0m
  [1m[35m (0.7ms)[0m  [1m[35mBEGIN[0m
  [1m[35mSQL (0.0ms)[0m  [1m[32mINSERT INTO "notices" ("title", "author", "content", "created_at", "updated_at") VALUES ($1, $2, $3, $4, $5) RETURNING "id"[0m  [["title", "Black as midnight on a moonless night."], ["author", "Quark"], ["content", "Quisquam consequuntur dignissimos. Similique cum optio. Fuga voluptatem omnis."], ["created_at", "2020-01-28 12:03:14.309572"], ["updated_at", "2020-01-28 12:03:14.309572"]]
  [1m[35m (1.1ms)[0m  [1m[35mCOMMIT[0m
  [1m[35m (0.0ms)[0m  [1m[35mBEGIN[0m
  [1m[35mSQL (0.0ms)[0m  [1m[32mINSERT INTO "notices" ("title", "author", "content", "created_at", "updated_at") VALUES ($1, $2, $3, $4, $5) RETURNING "id"[0m  [["title", "Windom Earle's mind is like a diamond. It's cold, and hard, and brilliant."], ["author", "Data"], ["content", "Qui nihil perspiciatis. Laborum eum omnis. Quod qui tempore."], ["created_at", "2020-01-28 12:03:14.313560"], ["updated_at", "2020-01-28 12:03:14.313560"]]
  [1m[35m (0.0ms)[0m  [1m[35mCOMMIT[0m
  [1m[35m (0.4ms)[0m  [1m[35mBEGIN[0m
  [1m[35mSQL (0.0ms)[0m  [1m[32mINSERT INTO "notices" ("title", "author", "content", "created_at", "updated_at") VALUES ($1, $2, $3, $4, $5) RETURNING "id"[0m  [["title", "There's nothing quite like urinating in the open air."], ["author", "Kes"], ["content", "Aut odit vero. Laudantium et earum. Nam impedit minima."], ["created_at", "2020-01-28 12:03:14.318995"], ["updated_at", "2020-01-28 12:03:14.318995"]]
  [1m[35m (1.0ms)[0m  [1m[35mCOMMIT[0m
  [1m[35m (0.5ms)[0m  [1m[35mBEGIN[0m
  [1m[35mSQL (0.0ms)[0m  [1m[32mINSERT INTO "notices" ("title", "author", "content", "created_at", "updated_at") VALUES ($1, $2, $3, $4, $5) RETURNING "id"[0m  [["title", "Sometimes jokes are welcome. Like the one about the kid who said: \"I enjoyed school. It was just the principal of the thing.\""], ["author", "Harry Kim"], ["content", "Quod earum saepe. Fuga in consequatur. Qui explicabo quo."], ["created_at", "2020-01-28 12:03:14.324017"], ["updated_at", "2020-01-28 12:03:14.324017"]]
  [1m[35m (1.0ms)[0m  [1m[35mCOMMIT[0m
  [1m[35m (0.6ms)[0m  [1m[35mBEGIN[0m
  [1m[35mSQL (0.0ms)[0m  [1m[32mINSERT INTO "notices" ("title", "author", "content", "created_at", "updated_at") VALUES ($1, $2, $3, $4, $5) RETURNING "id"[0m  [["title", "Will this sadness that makes me cry my heart out — will it ever end? The answer, of course, is yes. One day the sadness will end."], ["author", "Wesley Crusher"], ["content", "Ut et necessitatibus. Repudiandae qui ex. Voluptatibus dolor explicabo."], ["created_at", "2020-01-28 12:03:14.329561"], ["updated_at", "2020-01-28 12:03:14.329561"]]
  [1m[35m (1.1ms)[0m  [1m[35mCOMMIT[0m
  [1m[35m (0.0ms)[0m  [1m[35mBEGIN[0m
  [1m[35mSQL (0.0ms)[0m  [1m[32mINSERT INTO "notices" ("title", "author", "content", "created_at", "updated_at") VALUES ($1, $2, $3, $4, $5) RETURNING "id"[0m  [["title", "You may think I've gone insane... but I promise. I will kill again."], ["author", "Kathryn Janeway"], ["content", "Pariatur quo velit. Molestiae debitis occaecati. Consectetur qui vero."], ["created_at", "2020-01-28 12:03:14.334546"], ["updated_at", "2020-01-28 12:03:14.334546"]]
  [1m[35m (1.0ms)[0m  [1m[35mCOMMIT[0m
  [1m[35m (0.4ms)[0m  [1m[35mBEGIN[0m
  [1m[35mSQL (0.0ms)[0m  [1m[32mINSERT INTO "notices" ("title", "author", "content", "created_at", "updated_at") VALUES ($1, $2, $3, $4, $5) RETURNING "id"[0m  [["title", "Audrey, there are many cures for a broken heart. But nothing quite like a trout's leap in the moonlight."], ["author", "T'Pol"], ["content", "Nihil et illum. Incidunt harum omnis. Nemo rem est."], ["created_at", "2020-01-28 12:03:14.338956"], ["updated_at", "2020-01-28 12:03:14.338956"]]
  [1m[35m (1.0ms)[0m  [1m[35mCOMMIT[0m
  [1m[35m (0.5ms)[0m  [1m[35mBEGIN[0m
  [1m[35mSQL (0.0ms)[0m  [1m[32mINSERT INTO "notices" ("title", "author", "content", "created_at", "updated_at") VALUES ($1, $2, $3, $4, $5) RETURNING "id"[0m  [["title", "Where we're from, the birds sing a pretty song, and there's always music in the air."], ["author", "Pavel Chekov"], ["content", "Rerum voluptatem similique. Quam ipsam qui. Qui dolor suscipit."], ["created_at", "2020-01-28 12:03:14.344520"], ["updated_at", "2020-01-28 12:03:14.344520"]]
  [1m[35m (1.0ms)[0m  [1m[35mCOMMIT[0m
  [1m[35m (0.8ms)[0m  [1m[35mBEGIN[0m
  [1m[35mSQL (0.5ms)[0m  [1m[32mINSERT INTO "notices" ("title", "author", "content", "created_at", "updated_at") VALUES ($1, $2, $3, $4, $5) RETURNING "id"[0m  [["title", "Do you want to know what the ultimate secret is? Laura did. The secret of knowing who killed you."], ["author", "Phlox"], ["content", "Aspernatur laborum omnis. Molestiae id dolorem. Ex fuga voluptates."], ["created_at", "2020-01-28 12:03:14.349527"], ["updated_at", "2020-01-28 12:03:14.349527"]]
  [1m[35m (1.0ms)[0m  [1m[35mCOMMIT[0m
  [1m[35m (1.0ms)[0m  [1m[35mBEGIN[0m
  [1m[35mSQL (0.0ms)[0m  [1m[32mINSERT INTO "notices" ("title", "author", "content", "created_at", "updated_at") VALUES ($1, $2, $3, $4, $5) RETURNING "id"[0m  [["title", "She's dead... Wrapped in plastic."], ["author", "Data"], ["content", "Iste doloremque voluptatem. Cum assumenda molestias. Beatae rerum nihil."], ["created_at", "2020-01-28 12:03:14.354554"], ["updated_at", "2020-01-28 12:03:14.354554"]]
  [1m[35m (1.0ms)[0m  [1m[35mCOMMIT[0m
  [1m[35m (0.6ms)[0m  [1m[35mBEGIN[0m
  [1m[35mSQL (0.7ms)[0m  [1m[32mINSERT INTO "notices" ("title", "author", "content", "created_at", "updated_at") VALUES ($1, $2, $3, $4, $5) RETURNING "id"[0m  [["title", "That gum you like is going to come back in style."], ["author", "Charles Tucker III"], ["content", "Laudantium deleniti expedita. Laboriosam nihil consequatur. Id vitae repudiandae."], ["created_at", "2020-01-28 12:03:14.360499"], ["updated_at", "2020-01-28 12:03:14.360499"]]
  [1m[35m (1.0ms)[0m  [1m[35mCOMMIT[0m
  [1m[35m (1.0ms)[0m  [1m[35mBEGIN[0m
  [1m[35mSQL (0.5ms)[0m  [1m[32mINSERT INTO "notices" ("title", "author", "content", "created_at", "updated_at") VALUES ($1, $2, $3, $4, $5) RETURNING "id"[0m  [["title", "Do you want to know what the ultimate secret is? Laura did. The secret of knowing who killed you."], ["author", "Geordi La Forge"], ["content", "Doloremque aut eligendi. Molestiae suscipit reiciendis. Labore rerum sint."], ["created_at", "2020-01-28 12:03:14.365529"], ["updated_at", "2020-01-28 12:03:14.365529"]]
  [1m[35m (0.3ms)[0m  [1m[35mCOMMIT[0m
  [1m[35m (0.4ms)[0m  [1m[35mBEGIN[0m
  [1m[35mSQL (0.0ms)[0m  [1m[32mINSERT INTO "notices" ("title", "author", "content", "created_at", "updated_at") VALUES ($1, $2, $3, $4, $5) RETURNING "id"[0m  [["title", "There was a fish in the percolator!"], ["author", "Jadzia Dax"], ["content", "Non dolorum ducimus. Ea et corporis. Quibusdam harum dicta."], ["created_at", "2020-01-28 12:03:14.370946"], ["updated_at", "2020-01-28 12:03:14.370946"]]
  [1m[35m (1.0ms)[0m  [1m[35mCOMMIT[0m
  [1m[35m (0.0ms)[0m  [1m[35mBEGIN[0m
  [1m[35mSQL (0.8ms)[0m  [1m[32mINSERT INTO "notices" ("title", "author", "content", "created_at", "updated_at") VALUES ($1, $2, $3, $4, $5) RETURNING "id"[0m  [["title", "It has been a pleasure speaking to you."], ["author", "Nyota Uhuru"], ["content", "Magnam qui officia. Aliquid aut nihil. Magni vel laudantium."], ["created_at", "2020-01-28 12:03:14.376522"], ["updated_at", "2020-01-28 12:03:14.376522"]]
  [1m[35m (1.3ms)[0m  [1m[35mCOMMIT[0m
  [1m[35m (1.0ms)[0m  [1m[35mBEGIN[0m
  [1m[35mSQL (0.0ms)[0m  [1m[32mINSERT INTO "notices" ("title", "author", "content", "created_at", "updated_at") VALUES ($1, $2, $3, $4, $5) RETURNING "id"[0m  [["title", "I don't wanna talk. I wanna shoot."], ["author", "Worf"], ["content", "Autem unde ea. Soluta molestiae asperiores. Eum impedit error."], ["created_at", "2020-01-28 12:03:14.381474"], ["updated_at", "2020-01-28 12:03:14.381474"]]
  [1m[35m (1.0ms)[0m  [1m[35mCOMMIT[0m
  [1m[35m (0.0ms)[0m  [1m[35mBEGIN[0m
  [1m[35mSQL (0.7ms)[0m  [1m[32mINSERT INTO "notices" ("title", "author", "content", "created_at", "updated_at") VALUES ($1, $2, $3, $4, $5) RETURNING "id"[0m  [["title", "I have no idea where this will lead us. But I have a definite feeling it will be a place both wonderful and strange."], ["author", "Malcolm Reed"], ["content", "Tempora fuga explicabo. Quisquam illo neque. Similique quibusdam hic."], ["created_at", "2020-01-28 12:03:14.386914"], ["updated_at", "2020-01-28 12:03:14.386914"]]
  [1m[35m (1.0ms)[0m  [1m[35mCOMMIT[0m
  [1m[35m (1.0ms)[0m  [1m[35mBEGIN[0m
  [1m[35mSQL (0.7ms)[0m  [1m[32mINSERT INTO "notices" ("title", "author", "content", "created_at", "updated_at") VALUES ($1, $2, $3, $4, $5) RETURNING "id"[0m  [["title", "Sometimes jokes are welcome. Like the one about the kid who said: \"I enjoyed school. It was just the principal of the thing.\""], ["author", "Charles Tucker III"], ["content", "Possimus consequatur reprehenderit. Ut harum esse. Minus illum non."], ["created_at", "2020-01-28 12:03:14.391892"], ["updated_at", "2020-01-28 12:03:14.391892"]]
  [1m[35m (0.2ms)[0m  [1m[35mCOMMIT[0m
  [1m[35m (0.0ms)[0m  [1m[35mBEGIN[0m
  [1m[35mSQL (0.0ms)[0m  [1m[32mINSERT INTO "notices" ("title", "author", "content", "created_at", "updated_at") VALUES ($1, $2, $3, $4, $5) RETURNING "id"[0m  [["title", "Windom Earle's mind is like a diamond. It's cold, and hard, and brilliant."], ["author", "Phlox"], ["content", "Non possimus enim. Eligendi est qui. Optio rerum ea."], ["created_at", "2020-01-28 12:03:14.396879"], ["updated_at", "2020-01-28 12:03:14.396879"]]
  [1m[35m (1.2ms)[0m  [1m[35mCOMMIT[0m
  [1m[35m (0.8ms)[0m  [1m[35mBEGIN[0m
  [1m[35mSQL (0.3ms)[0m  [1m[32mINSERT INTO "notices" ("title", "author", "content", "created_at", "updated_at") VALUES ($1, $2, $3, $4, $5) RETURNING "id"[0m  [["title", "She's dead... Wrapped in plastic."], ["author", "Kathryn Janeway"], ["content", "Velit ratione quam. Optio soluta facilis. Ut nisi porro."], ["created_at", "2020-01-28 12:03:14.402597"], ["updated_at", "2020-01-28 12:03:14.402597"]]
  [1m[35m (0.9ms)[0m  [1m[35mCOMMIT[0m
  [1m[35m (0.3ms)[0m  [1m[35mBEGIN[0m
  [1m[35mSQL (0.4ms)[0m  [1m[32mINSERT INTO "notices" ("title", "author", "content", "created_at", "updated_at") VALUES ($1, $2, $3, $4, $5) RETURNING "id"[0m  [["title", "You know, this is — excuse me — a damn fine cup of coffee!"], ["author", "Quark"], ["content", "Cumque voluptatem molestiae. Alias dolor commodi. Accusamus molestiae laboriosam."], ["created_at", "2020-01-28 12:03:14.407212"], ["updated_at", "2020-01-28 12:03:14.407212"]]
  [1m[35m (0.7ms)[0m  [1m[35mCOMMIT[0m
  [1m[35m (1.1ms)[0m  [1m[35mBEGIN[0m
  [1m[35mSQL (0.4ms)[0m  [1m[32mINSERT INTO "notices" ("title", "author", "content", "created_at", "updated_at") VALUES ($1, $2, $3, $4, $5) RETURNING "id"[0m  [["title", "I have no idea where this will lead us. But I have a definite feeling it will be a place both wonderful and strange."], ["author", "Julian Bashir"], ["content", "Consequatur nesciunt ipsum. Iste ea vel. Animi officiis sint."], ["created_at", "2020-01-28 12:03:14.412033"], ["updated_at", "2020-01-28 12:03:14.412033"]]
  [1m[35m (1.0ms)[0m  [1m[35mCOMMIT[0m
  [1m[35m (1.0ms)[0m  [1m[35mBEGIN[0m
  [1m[35mSQL (0.6ms)[0m  [1m[32mINSERT INTO "notices" ("title", "author", "content", "created_at", "updated_at") VALUES ($1, $2, $3, $4, $5) RETURNING "id"[0m  [["title", "Wow, Bob, wow."], ["author", "Hoshi Sato"], ["content", "Nihil voluptatem iusto. Nisi et in. Voluptatibus illum sunt."], ["created_at", "2020-01-28 12:03:14.416910"], ["updated_at", "2020-01-28 12:03:14.416910"]]
  [1m[35m (1.0ms)[0m  [1m[35mCOMMIT[0m
  [1m[35m (0.8ms)[0m  [1m[35mBEGIN[0m
  [1m[35mSQL (0.7ms)[0m  [1m[32mINSERT INTO "notices" ("title", "author", "content", "created_at", "updated_at") VALUES ($1, $2, $3, $4, $5) RETURNING "id"[0m  [["title", "That gum you like is going to come back in style."], ["author", "Natasha Yar"], ["content", "Qui culpa perspiciatis. Quae voluptatem a. Qui aliquam quo."], ["created_at", "2020-01-28 12:03:14.421941"], ["updated_at", "2020-01-28 12:03:14.421941"]]
  [1m[35m (1.1ms)[0m  [1m[35mCOMMIT[0m
  [1m[35m (0.6ms)[0m  [1m[35mBEGIN[0m
  [1m[35mSQL (0.0ms)[0m  [1m[32mINSERT INTO "notices" ("title", "author", "content", "created_at", "updated_at") VALUES ($1, $2, $3, $4, $5) RETURNING "id"[0m  [["title", "Harry, is that bag smiling?"], ["author", "Miles O'Brien"], ["content", "Dicta officiis rem. Dolores non et. Ut sequi dolor."], ["created_at", "2020-01-28 12:03:14.426928"], ["updated_at", "2020-01-28 12:03:14.426928"]]
  [1m[35m (1.0ms)[0m  [1m[35mCOMMIT[0m
  [1m[35m (0.4ms)[0m  [1m[35mBEGIN[0m
  [1m[35mSQL (0.4ms)[0m  [1m[32mINSERT INTO "notices" ("title", "author", "content", "created_at", "updated_at") VALUES ($1, $2, $3, $4, $5) RETURNING "id"[0m  [["title", "J'ai une âme solitaire."], ["author", "B'Elanna Torres"], ["content", "Fugiat esse dolore. Voluptatem aliquid impedit. Officia quo omnis."], ["created_at", "2020-01-28 12:03:14.431307"], ["updated_at", "2020-01-28 12:03:14.431307"]]
  [1m[35m (0.7ms)[0m  [1m[35mCOMMIT[0m
  [1m[35m (1.0ms)[0m  [1m[35mBEGIN[0m
  [1m[35mSQL (2.5ms)[0m  [1m[32mINSERT INTO "notices" ("title", "author", "content", "created_at", "updated_at") VALUES ($1, $2, $3, $4, $5) RETURNING "id"[0m  [["title", "Wow, Bob, wow."], ["author", "Leonard McCoy"], ["content", "Commodi ut voluptate. Quasi totam iusto. Eaque adipisci sunt."], ["created_at", "2020-01-28 12:03:14.435859"], ["updated_at", "2020-01-28 12:03:14.435859"]]
  [1m[35m (1.0ms)[0m  [1m[35mCOMMIT[0m
  [1m[35m (0.6ms)[0m  [1m[35mBEGIN[0m
  [1m[35mSQL (0.0ms)[0m  [1m[32mINSERT INTO "notices" ("title", "author", "content", "created_at", "updated_at") VALUES ($1, $2, $3, $4, $5) RETURNING "id"[0m  [["title", "J'ai une âme solitaire."], ["author", "Jean-Luc Picard"], ["content", "Labore expedita corporis. Numquam molestias alias. Eveniet adipisci ea."], ["created_at", "2020-01-28 12:03:14.442884"], ["updated_at", "2020-01-28 12:03:14.442884"]]
  [1m[35m (0.3ms)[0m  [1m[35mCOMMIT[0m
  [1m[35m (1.2ms)[0m  [1m[35mBEGIN[0m
  [1m[35mSQL (0.3ms)[0m  [1m[32mINSERT INTO "notices" ("title", "author", "content", "created_at", "updated_at") VALUES ($1, $2, $3, $4, $5) RETURNING "id"[0m  [["title", "That gum you like is going to come back in style."], ["author", "Neelix"], ["content", "Impedit esse repellendus. Ut dolores amet. Quis occaecati iste."], ["created_at", "2020-01-28 12:03:14.448034"], ["updated_at", "2020-01-28 12:03:14.448034"]]
  [1m[35m (1.3ms)[0m  [1m[35mCOMMIT[0m
  [1m[35m (0.9ms)[0m  [1m[35mBEGIN[0m
  [1m[35mSQL (0.6ms)[0m  [1m[32mINSERT INTO "notices" ("title", "author", "content", "created_at", "updated_at") VALUES ($1, $2, $3, $4, $5) RETURNING "id"[0m  [["title", "Cooper, you may be fearless in this world, but there are other worlds."], ["author", "Kathryn Janeway"], ["content", "Odio saepe aut. Non dignissimos ut. A aut vel."], ["created_at", "2020-01-28 12:03:14.452814"], ["updated_at", "2020-01-28 12:03:14.452814"]]
  [1m[35m (1.0ms)[0m  [1m[35mCOMMIT[0m
  [1m[35m (1.0ms)[0m  [1m[35mBEGIN[0m
  [1m[35mSQL (0.5ms)[0m  [1m[32mINSERT INTO "notices" ("title", "author", "content", "created_at", "updated_at") VALUES ($1, $2, $3, $4, $5) RETURNING "id"[0m  [["title", "Will this sadness that makes me cry my heart out — will it ever end? The answer, of course, is yes. One day the sadness will end."], ["author", "Leonard McCoy"], ["content", "Officia enim quasi. Est et ut. Quia accusamus et."], ["created_at", "2020-01-28 12:03:14.457801"], ["updated_at", "2020-01-28 12:03:14.457801"]]
  [1m[35m (1.0ms)[0m  [1m[35mCOMMIT[0m
  [1m[35m (0.8ms)[0m  [1m[35mBEGIN[0m
  [1m[35mSQL (0.5ms)[0m  [1m[32mINSERT INTO "notices" ("title", "author", "content", "created_at", "updated_at") VALUES ($1, $2, $3, $4, $5) RETURNING "id"[0m  [["title", "Wow, Bob, wow."], ["author", "Tom Paris"], ["content", "Architecto voluptatem sit. Quam quis iste. Eveniet quo ullam."], ["created_at", "2020-01-28 12:03:14.462830"], ["updated_at", "2020-01-28 12:03:14.462830"]]
  [1m[35m (1.0ms)[0m  [1m[35mCOMMIT[0m
  [1m[35m (0.8ms)[0m  [1m[35mBEGIN[0m
  [1m[35mSQL (0.7ms)[0m  [1m[32mINSERT INTO "notices" ("title", "author", "content", "created_at", "updated_at") VALUES ($1, $2, $3, $4, $5) RETURNING "id"[0m  [["title", "Do you want to know what the ultimate secret is? Laura did. The secret of knowing who killed you."], ["author", "Kira Nerys"], ["content", "Praesentium optio nobis. Fugiat enim quia. Vero laboriosam similique."], ["created_at", "2020-01-28 12:03:14.467811"], ["updated_at", "2020-01-28 12:03:14.467811"]]
  [1m[35m (1.0ms)[0m  [1m[35mCOMMIT[0m
  [1m[35m (0.7ms)[0m  [1m[35mBEGIN[0m
  [1m[35mSQL (0.0ms)[0m  [1m[32mINSERT INTO "notices" ("title", "author", "content", "created_at", "updated_at") VALUES ($1, $2, $3, $4, $5) RETURNING "id"[0m  [["title", "Sometimes jokes are welcome. Like the one about the kid who said: \"I enjoyed school. It was just the principal of the thing.\""], ["author", "Jadzia Dax"], ["content", "Numquam ipsam temporibus. Ea enim fugiat. Quidem adipisci minus."], ["created_at", "2020-01-28 12:03:14.472798"], ["updated_at", "2020-01-28 12:03:14.472798"]]
  [1m[35m (1.0ms)[0m  [1m[35mCOMMIT[0m
  [1m[35m (0.4ms)[0m  [1m[35mBEGIN[0m
  [1m[35mSQL (1.1ms)[0m  [1m[32mINSERT INTO "notices" ("title", "author", "content", "created_at", "updated_at") VALUES ($1, $2, $3, $4, $5) RETURNING "id"[0m  [["title", "Damn fine coffee! And hot!"], ["author", "Phlox"], ["content", "Ducimus neque in. Ea vero voluptates. Sunt sunt quisquam."], ["created_at", "2020-01-28 12:03:14.477191"], ["updated_at", "2020-01-28 12:03:14.477191"]]
  [1m[35m (0.7ms)[0m  [1m[35mCOMMIT[0m
  [1m[35m (1.0ms)[0m  [1m[35mBEGIN[0m
  [1m[35mSQL (0.4ms)[0m  [1m[32mINSERT INTO "notices" ("title", "author", "content", "created_at", "updated_at") VALUES ($1, $2, $3, $4, $5) RETURNING "id"[0m  [["title", "Windom Earle's mind is like a diamond. It's cold, and hard, and brilliant."], ["author", "Odo"], ["content", "Tempora ducimus non. Non voluptates laboriosam. Reiciendis accusamus vel."], ["created_at", "2020-01-28 12:03:14.481736"], ["updated_at", "2020-01-28 12:03:14.481736"]]
  [1m[35m (1.2ms)[0m  [1m[35mCOMMIT[0m
  [1m[35m (1.0ms)[0m  [1m[35mBEGIN[0m
  [1m[35mSQL (0.0ms)[0m  [1m[32mINSERT INTO "notices" ("title", "author", "content", "created_at", "updated_at") VALUES ($1, $2, $3, $4, $5) RETURNING "id"[0m  [["title", "Cooper, you may be fearless in this world, but there are other worlds."], ["author", "Data"], ["content", "Nobis optio aspernatur. In sit esse. Consectetur perspiciatis aspernatur."], ["created_at", "2020-01-28 12:03:14.486773"], ["updated_at", "2020-01-28 12:03:14.486773"]]
  [1m[35m (1.0ms)[0m  [1m[35mCOMMIT[0m
  [1m[35m (0.0ms)[0m  [1m[35mBEGIN[0m
  [1m[35mSQL (0.0ms)[0m  [1m[32mINSERT INTO "notices" ("title", "author", "content", "created_at", "updated_at") VALUES ($1, $2, $3, $4, $5) RETURNING "id"[0m  [["title", "I don't wanna talk. I wanna shoot."], ["author", "Hikaru Sulu"], ["content", "Qui eius quasi. Corporis at sunt. Eveniet aut et."], ["created_at", "2020-01-28 12:03:14.491191"], ["updated_at", "2020-01-28 12:03:14.491191"]]
  [1m[35m (1.0ms)[0m  [1m[35mCOMMIT[0m
  [1m[35m (0.5ms)[0m  [1m[35mBEGIN[0m
  [1m[35mSQL (0.0ms)[0m  [1m[32mINSERT INTO "notices" ("title", "author", "content", "created_at", "updated_at") VALUES ($1, $2, $3, $4, $5) RETURNING "id"[0m  [["title", "COOPER, YOU REMIND ME TODAY OF A SMALL MEXICAN CHIHUAHUA."], ["author", "Jadzia Dax"], ["content", "Laborum sed veritatis. Est qui molestiae. Perspiciatis eos eum."], ["created_at", "2020-01-28 12:03:14.496709"], ["updated_at", "2020-01-28 12:03:14.496709"]]
  [1m[35m (1.0ms)[0m  [1m[35mCOMMIT[0m
  [1m[35m (0.5ms)[0m  [1m[35mBEGIN[0m
  [1m[35mSQL (0.3ms)[0m  [1m[32mINSERT INTO "notices" ("title", "author", "content", "created_at", "updated_at") VALUES ($1, $2, $3, $4, $5) RETURNING "id"[0m  [["title", "It has been a pleasure speaking to you."], ["author", "Nyota Uhuru"], ["content", "Doloribus sapiente aperiam. Ratione ut quia. Et quod aut."], ["created_at", "2020-01-28 12:03:14.501609"], ["updated_at", "2020-01-28 12:03:14.501609"]]
  [1m[35m (0.8ms)[0m  [1m[35mCOMMIT[0m
  [1m[35m (0.6ms)[0m  [1m[35mBEGIN[0m
  [1m[35mSQL (0.0ms)[0m  [1m[32mINSERT INTO "notices" ("title", "author", "content", "created_at", "updated_at") VALUES ($1, $2, $3, $4, $5) RETURNING "id"[0m  [["title", "The owls are not what they seem."], ["author", "Nyota Uhuru"], ["content", "Et praesentium quia. Ad ipsam nesciunt. Et aut cupiditate."], ["created_at", "2020-01-28 12:03:14.506768"], ["updated_at", "2020-01-28 12:03:14.506768"]]
  [1m[35m (1.0ms)[0m  [1m[35mCOMMIT[0m
  [1m[35m (0.0ms)[0m  [1m[35mBEGIN[0m
  [1m[35mSQL (0.0ms)[0m  [1m[32mINSERT INTO "notices" ("title", "author", "content", "created_at", "updated_at") VALUES ($1, $2, $3, $4, $5) RETURNING "id"[0m  [["title", "Sometimes jokes are welcome. Like the one about the kid who said: \"I enjoyed school. It was just the principal of the thing.\""], ["author", "Seven of Nine"], ["content", "Et temporibus et. Praesentium perferendis voluptatibus. Aliquam debitis et."], ["created_at", "2020-01-28 12:03:14.510724"], ["updated_at", "2020-01-28 12:03:14.510724"]]
  [1m[35m (0.5ms)[0m  [1m[35mCOMMIT[0m
  [1m[35m (0.5ms)[0m  [1m[35mBEGIN[0m
  [1m[35mSQL (0.0ms)[0m  [1m[32mINSERT INTO "notices" ("title", "author", "content", "created_at", "updated_at") VALUES ($1, $2, $3, $4, $5) RETURNING "id"[0m  [["title", "MAY A SMILE BE YOUR UMBRELLA. WE'VE ALL HAD OUR SOCKS TOSSED AROUND."], ["author", "Jake Sisko"], ["content", "Cumque beatae eligendi. Assumenda nihil mollitia. Alias dignissimos omnis."], ["created_at", "2020-01-28 12:03:14.516708"], ["updated_at", "2020-01-28 12:03:14.516708"]]
  [1m[35m (1.0ms)[0m  [1m[35mCOMMIT[0m
  [1m[35m (0.6ms)[0m  [1m[35mBEGIN[0m
  [1m[35mSQL (0.0ms)[0m  [1m[32mINSERT INTO "notices" ("title", "author", "content", "created_at", "updated_at") VALUES ($1, $2, $3, $4, $5) RETURNING "id"[0m  [["title", "Harry, is that bag smiling?"], ["author", "Pavel Chekov"], ["content", "Possimus provident quia. Similique totam ea. Esse voluptates ut."], ["created_at", "2020-01-28 12:03:14.521614"], ["updated_at", "2020-01-28 12:03:14.521614"]]
  [1m[35m (0.8ms)[0m  [1m[35mCOMMIT[0m
  [1m[35m (0.3ms)[0m  [1m[35mBEGIN[0m
  [1m[35mSQL (0.3ms)[0m  [1m[32mINSERT INTO "notices" ("title", "author", "content", "created_at", "updated_at") VALUES ($1, $2, $3, $4, $5) RETURNING "id"[0m  [["title", "You know, this is — excuse me — a damn fine cup of coffee!"], ["author", "William T. Riker"], ["content", "Magnam sit asperiores. Omnis ipsum consequatur. Ut in est."], ["created_at", "2020-01-28 12:03:14.525949"], ["updated_at", "2020-01-28 12:03:14.525949"]]
  [1m[35m (0.0ms)[0m  [1m[35mCOMMIT[0m
  [1m[35m (0.4ms)[0m  [1m[35mBEGIN[0m
  [1m[35mSQL (0.0ms)[0m  [1m[32mINSERT INTO "notices" ("title", "author", "content", "created_at", "updated_at") VALUES ($1, $2, $3, $4, $5) RETURNING "id"[0m  [["title", "Black as midnight on a moonless night."], ["author", "Neelix"], ["content", "Quam soluta dolore. Possimus autem nihil. Cupiditate officiis odit."], ["created_at", "2020-01-28 12:03:14.530926"], ["updated_at", "2020-01-28 12:03:14.530926"]]
  [1m[35m (0.0ms)[0m  [1m[35mCOMMIT[0m
  [1m[35m (0.3ms)[0m  [1m[35mBEGIN[0m
  [1m[35mSQL (0.1ms)[0m  [1m[32mINSERT INTO "notices" ("title", "author", "content", "created_at", "updated_at") VALUES ($1, $2, $3, $4, $5) RETURNING "id"[0m  [["title", "I have no idea where this will lead us. But I have a definite feeling it will be a place both wonderful and strange."], ["author", "Jean-Luc Picard"], ["content", "Ullam voluptas ipsam. Natus unde atque. Quae saepe architecto."], ["created_at", "2020-01-28 12:03:14.535881"], ["updated_at", "2020-01-28 12:03:14.535881"]]
  [1m[35m (0.0ms)[0m  [1m[35mCOMMIT[0m
  [1m[35m (0.4ms)[0m  [1m[35mBEGIN[0m
  [1m[35mSQL (0.3ms)[0m  [1m[32mINSERT INTO "notices" ("title", "author", "content", "created_at", "updated_at") VALUES ($1, $2, $3, $4, $5) RETURNING "id"[0m  [["title", "Where we're from, the birds sing a pretty song, and there's always music in the air."], ["author", "Jonathan Archer"], ["content", "Esse molestias et. Unde dolorem deserunt. Hic ipsum commodi."], ["created_at", "2020-01-28 12:03:14.540878"], ["updated_at", "2020-01-28 12:03:14.540878"]]
  [1m[35m (0.4ms)[0m  [1m[35mCOMMIT[0m
  [1m[35m (1.0ms)[0m  [1m[35mBEGIN[0m
  [1m[35mSQL (0.2ms)[0m  [1m[32mINSERT INTO "notices" ("title", "author", "content", "created_at", "updated_at") VALUES ($1, $2, $3, $4, $5) RETURNING "id"[0m  [["title", "Where we're from, the birds sing a pretty song, and there's always music in the air."], ["author", "Jadzia Dax"], ["content", "Voluptatem eaque ea. Quisquam similique adipisci. Iste voluptas cum."], ["created_at", "2020-01-28 12:03:14.545558"], ["updated_at", "2020-01-28 12:03:14.545558"]]
  [1m[35m (0.0ms)[0m  [1m[35mCOMMIT[0m
  [1m[35m (0.2ms)[0m  [1m[35mBEGIN[0m
  [1m[35mSQL (0.8ms)[0m  [1m[32mINSERT INTO "notices" ("title", "author", "content", "created_at", "updated_at") VALUES ($1, $2, $3, $4, $5) RETURNING "id"[0m  [["title", "I have no idea where this will lead us. But I have a definite feeling it will be a place both wonderful and strange."], ["author", "Seven of Nine"], ["content", "Quia perferendis quisquam. Eos nihil voluptatem. Suscipit ut illum."], ["created_at", "2020-01-28 12:03:14.550726"], ["updated_at", "2020-01-28 12:03:14.550726"]]
  [1m[35m (1.3ms)[0m  [1m[35mCOMMIT[0m
  [1m[35m (1.0ms)[0m  [1m[35mBEGIN[0m
  [1m[35mSQL (0.1ms)[0m  [1m[32mINSERT INTO "notices" ("title", "author", "content", "created_at", "updated_at") VALUES ($1, $2, $3, $4, $5) RETURNING "id"[0m  [["title", "Wow, Bob, wow."], ["author", "Jonathan Archer"], ["content", "Ipsum ea cumque. Minus et omnis. Non veritatis quod."], ["created_at", "2020-01-28 12:03:14.556485"], ["updated_at", "2020-01-28 12:03:14.556485"]]
  [1m[35m (1.0ms)[0m  [1m[35mCOMMIT[0m
  [1m[35m (0.0ms)[0m  [1m[35mBEGIN[0m
  [1m[35mSQL (0.4ms)[0m  [1m[32mINSERT INTO "notices" ("title", "author", "content", "created_at", "updated_at") VALUES ($1, $2, $3, $4, $5) RETURNING "id"[0m  [["title", "Sometimes jokes are welcome. Like the one about the kid who said: \"I enjoyed school. It was just the principal of the thing.\""], ["author", "Geordi La Forge"], ["content", "Dolorem a placeat. Rerum nemo et. Molestiae sit pariatur."], ["created_at", "2020-01-28 12:03:14.562465"], ["updated_at", "2020-01-28 12:03:14.562465"]]
  [1m[35m (1.0ms)[0m  [1m[35mCOMMIT[0m
  [1m[35m (0.8ms)[0m  [1m[35mBEGIN[0m
  [1m[35mSQL (0.4ms)[0m  [1m[32mINSERT INTO "notices" ("title", "author", "content", "created_at", "updated_at") VALUES ($1, $2, $3, $4, $5) RETURNING "id"[0m  [["title", "Windom Earle's mind is like a diamond. It's cold, and hard, and brilliant."], ["author", "Miles O'Brien"], ["content", "Dolorem nisi non. Dolores aspernatur error. Veniam deleniti sit."], ["created_at", "2020-01-28 12:03:14.568453"], ["updated_at", "2020-01-28 12:03:14.568453"]]
  [1m[35m (1.0ms)[0m  [1m[35mCOMMIT[0m
  [1m[35m (1.0ms)[0m  [1m[35mBEGIN[0m
  [1m[35mSQL (0.3ms)[0m  [1m[32mINSERT INTO "notices" ("title", "author", "content", "created_at", "updated_at") VALUES ($1, $2, $3, $4, $5) RETURNING "id"[0m  [["title", "Through the darkness of future's past, the magician longs to see. One chants out between two worlds... \"Fire... walk with me.\""], ["author", "Hoshi Sato"], ["content", "Ipsum aperiam alias. Quam cumque cupiditate. Et harum consequuntur."], ["created_at", "2020-01-28 12:03:14.574435"], ["updated_at", "2020-01-28 12:03:14.574435"]]
  [1m[35m (0.9ms)[0m  [1m[35mCOMMIT[0m
  [1m[35m (1.0ms)[0m  [1m[35mBEGIN[0m
  [1m[35mSQL (0.2ms)[0m  [1m[32mINSERT INTO "notices" ("title", "author", "content", "created_at", "updated_at") VALUES ($1, $2, $3, $4, $5) RETURNING "id"[0m  [["title", "I have no idea where this will lead us. But I have a definite feeling it will be a place both wonderful and strange."], ["author", "T'Pol"], ["content", "Totam ut saepe. Voluptas vel perferendis. Hic laboriosam quia."], ["created_at", "2020-01-28 12:03:14.581418"], ["updated_at", "2020-01-28 12:03:14.581418"]]
  [1m[35m (1.0ms)[0m  [1m[35mCOMMIT[0m
  [1m[35m (0.7ms)[0m  [1m[35mBEGIN[0m
  [1m[35mSQL (0.3ms)[0m  [1m[32mINSERT INTO "notices" ("title", "author", "content", "created_at", "updated_at") VALUES ($1, $2, $3, $4, $5) RETURNING "id"[0m  [["title", "Windom Earle's mind is like a diamond. It's cold, and hard, and brilliant."], ["author", "Phlox"], ["content", "Omnis et ipsa. Necessitatibus nihil maiores. Molestias qui velit."], ["created_at", "2020-01-28 12:03:14.587398"], ["updated_at", "2020-01-28 12:03:14.587398"]]
  [1m[35m (1.0ms)[0m  [1m[35mCOMMIT[0m
  [1m[35m (0.7ms)[0m  [1m[35mBEGIN[0m
  [1m[35mSQL (0.8ms)[0m  [1m[32mINSERT INTO "notices" ("title", "author", "content", "created_at", "updated_at") VALUES ($1, $2, $3, $4, $5) RETURNING "id"[0m  [["title", "It has been a pleasure speaking to you."], ["author", "Harry Kim"], ["content", "Iure quod vitae. Laboriosam qui velit. A ea enim."], ["created_at", "2020-01-28 12:03:14.593443"], ["updated_at", "2020-01-28 12:03:14.593443"]]
  [1m[35m (0.4ms)[0m  [1m[35mCOMMIT[0m
  [1m[35m (0.5ms)[0m  [1m[35mBEGIN[0m
  [1m[35mSQL (0.7ms)[0m  [1m[32mINSERT INTO "notices" ("title", "author", "content", "created_at", "updated_at") VALUES ($1, $2, $3, $4, $5) RETURNING "id"[0m  [["title", "You may think I've gone insane... but I promise. I will kill again."], ["author", "Wesley Crusher"], ["content", "Quasi unde et. Possimus eos sed. Consequatur ad nihil."], ["created_at", "2020-01-28 12:03:14.599370"], ["updated_at", "2020-01-28 12:03:14.599370"]]
  [1m[35m (1.5ms)[0m  [1m[35mCOMMIT[0m
  [1m[35m (1.3ms)[0m  [1m[35mBEGIN[0m
  [1m[35mSQL (0.0ms)[0m  [1m[32mINSERT INTO "notices" ("title", "author", "content", "created_at", "updated_at") VALUES ($1, $2, $3, $4, $5) RETURNING "id"[0m  [["title", "Black as midnight on a moonless night."], ["author", "Charles Tucker III"], ["content", "Omnis omnis ut. Voluptatum ea itaque. Fuga et doloribus."], ["created_at", "2020-01-28 12:03:14.604637"], ["updated_at", "2020-01-28 12:03:14.604637"]]
  [1m[35m (1.0ms)[0m  [1m[35mCOMMIT[0m
  [1m[35m (0.7ms)[0m  [1m[35mBEGIN[0m
  [1m[35mSQL (0.8ms)[0m  [1m[32mINSERT INTO "notices" ("title", "author", "content", "created_at", "updated_at") VALUES ($1, $2, $3, $4, $5) RETURNING "id"[0m  [["title", "You may think I've gone insane... but I promise. I will kill again."], ["author", "Hoshi Sato"], ["content", "Sint pariatur quia. Omnis corrupti nemo. Non omnis molestiae."], ["created_at", "2020-01-28 12:03:14.610384"], ["updated_at", "2020-01-28 12:03:14.610384"]]
  [1m[35m (1.0ms)[0m  [1m[35mCOMMIT[0m
  [1m[35m (1.0ms)[0m  [1m[35mBEGIN[0m
  [1m[35mSQL (0.0ms)[0m  [1m[32mINSERT INTO "notices" ("title", "author", "content", "created_at", "updated_at") VALUES ($1, $2, $3, $4, $5) RETURNING "id"[0m  [["title", "I have no idea where this will lead us. But I have a definite feeling it will be a place both wonderful and strange."], ["author", "The Doctor"], ["content", "Suscipit quis repudiandae. Autem non in. Neque cum et."], ["created_at", "2020-01-28 12:03:14.615327"], ["updated_at", "2020-01-28 12:03:14.615327"]]
  [1m[35m (0.7ms)[0m  [1m[35mCOMMIT[0m
  [1m[35m (0.7ms)[0m  [1m[35mBEGIN[0m
  [1m[35mSQL (0.7ms)[0m  [1m[32mINSERT INTO "notices" ("title", "author", "content", "created_at", "updated_at") VALUES ($1, $2, $3, $4, $5) RETURNING "id"[0m  [["title", "Sometimes jokes are welcome. Like the one about the kid who said: \"I enjoyed school. It was just the principal of the thing.\""], ["author", "Phlox"], ["content", "Voluptas consequuntur nemo. Natus repellat facilis. Nobis omnis aperiam."], ["created_at", "2020-01-28 12:03:14.621311"], ["updated_at", "2020-01-28 12:03:14.621311"]]
  [1m[35m (1.2ms)[0m  [1m[35mCOMMIT[0m
  [1m[35m (1.3ms)[0m  [1m[35mBEGIN[0m
  [1m[35mSQL (0.8ms)[0m  [1m[32mINSERT INTO "notices" ("title", "author", "content", "created_at", "updated_at") VALUES ($1, $2, $3, $4, $5) RETURNING "id"[0m  [["title", "J'ai une âme solitaire."], ["author", "Kes"], ["content", "Sit corporis fugiat. Reiciendis magni quia. Non ut doloribus."], ["created_at", "2020-01-28 12:03:14.626600"], ["updated_at", "2020-01-28 12:03:14.626600"]]
  [1m[35m (0.5ms)[0m  [1m[35mCOMMIT[0m
  [1m[35m (1.0ms)[0m  [1m[35mBEGIN[0m
  [1m[35mSQL (0.5ms)[0m  [1m[32mINSERT INTO "notices" ("title", "author", "content", "created_at", "updated_at") VALUES ($1, $2, $3, $4, $5) RETURNING "id"[0m  [["title", "How's Annie? How's Annie? How's Annie?"], ["author", "Worf"], ["content", "Cumque deleniti consequatur. Inventore aspernatur incidunt. Neque exercitationem mollitia."], ["created_at", "2020-01-28 12:03:14.632280"], ["updated_at", "2020-01-28 12:03:14.632280"]]
  [1m[35m (0.5ms)[0m  [1m[35mCOMMIT[0m
  [1m[35m (0.7ms)[0m  [1m[35mBEGIN[0m
  [1m[35mSQL (0.9ms)[0m  [1m[32mINSERT INTO "notices" ("title", "author", "content", "created_at", "updated_at") VALUES ($1, $2, $3, $4, $5) RETURNING "id"[0m  [["title", "Wow, Bob, wow."], ["author", "Jake Sisko"], ["content", "Repellendus et esse. At qui id. Ullam id est."], ["created_at", "2020-01-28 12:03:14.638266"], ["updated_at", "2020-01-28 12:03:14.638266"]]
  [1m[35m (1.1ms)[0m  [1m[35mCOMMIT[0m
  [1m[35m (1.0ms)[0m  [1m[35mBEGIN[0m
  [1m[35mSQL (0.0ms)[0m  [1m[32mINSERT INTO "notices" ("title", "author", "content", "created_at", "updated_at") VALUES ($1, $2, $3, $4, $5) RETURNING "id"[0m  [["title", "Wow, Bob, wow."], ["author", "Jean-Luc Picard"], ["content", "Unde aut nostrum. Accusamus mollitia ex. Accusamus minus soluta."], ["created_at", "2020-01-28 12:03:14.643252"], ["updated_at", "2020-01-28 12:03:14.643252"]]
  [1m[35m (1.0ms)[0m  [1m[35mCOMMIT[0m
  [1m[35m (0.6ms)[0m  [1m[35mBEGIN[0m
  [1m[35mSQL (0.8ms)[0m  [1m[32mINSERT INTO "notices" ("title", "author", "content", "created_at", "updated_at") VALUES ($1, $2, $3, $4, $5) RETURNING "id"[0m  [["title", "I have no idea where this will lead us. But I have a definite feeling it will be a place both wonderful and strange."], ["author", "Data"], ["content", "Et atque sapiente. Accusamus nesciunt qui. Repellendus dicta iure."], ["created_at", "2020-01-28 12:03:14.649236"], ["updated_at", "2020-01-28 12:03:14.649236"]]
  [1m[35m (1.1ms)[0m  [1m[35mCOMMIT[0m
  [1m[35m (1.0ms)[0m  [1m[35mBEGIN[0m
  [1m[35mSQL (0.4ms)[0m  [1m[32mINSERT INTO "notices" ("title", "author", "content", "created_at", "updated_at") VALUES ($1, $2, $3, $4, $5) RETURNING "id"[0m  [["title", "YOU ARE WITNESSING A FRONT THREE-QUARTER VIEW OF TWO ADULTS SHARING A TENDER MOMENT"], ["author", "Kira Nerys"], ["content", "Aspernatur quisquam ea. Perferendis dolorum qui. Beatae optio inventore."], ["created_at", "2020-01-28 12:03:14.654223"], ["updated_at", "2020-01-28 12:03:14.654223"]]
  [1m[35m (1.1ms)[0m  [1m[35mCOMMIT[0m
  [1m[35m (0.8ms)[0m  [1m[35mBEGIN[0m
  [1m[35mSQL (0.8ms)[0m  [1m[32mINSERT INTO "notices" ("title", "author", "content", "created_at", "updated_at") VALUES ($1, $2, $3, $4, $5) RETURNING "id"[0m  [["title", "Cooper, you may be fearless in this world, but there are other worlds."], ["author", "Kathryn Janeway"], ["content", "Blanditiis porro et. Consequatur sed animi. Quidem nihil doloremque."], ["created_at", "2020-01-28 12:03:14.661201"], ["updated_at", "2020-01-28 12:03:14.661201"]]
  [1m[35m (0.4ms)[0m  [1m[35mCOMMIT[0m
  [1m[35m (0.5ms)[0m  [1m[35mBEGIN[0m
  [1m[35mSQL (0.8ms)[0m  [1m[32mINSERT INTO "notices" ("title", "author", "content", "created_at", "updated_at") VALUES ($1, $2, $3, $4, $5) RETURNING "id"[0m  [["title", "YOU ARE WITNESSING A FRONT THREE-QUARTER VIEW OF TWO ADULTS SHARING A TENDER MOMENT"], ["author", "Harry Kim"], ["content", "Impedit aperiam provident. Cupiditate quod asperiores. Nulla quibusdam quis."], ["created_at", "2020-01-28 12:03:14.666697"], ["updated_at", "2020-01-28 12:03:14.666697"]]
  [1m[35m (1.0ms)[0m  [1m[35mCOMMIT[0m
  [1m[35m (0.9ms)[0m  [1m[35mBEGIN[0m
  [1m[35mSQL (0.4ms)[0m  [1m[32mINSERT INTO "notices" ("title", "author", "content", "created_at", "updated_at") VALUES ($1, $2, $3, $4, $5) RETURNING "id"[0m  [["title", "You may think I've gone insane... but I promise. I will kill again."], ["author", "Odo"], ["content", "Voluptatem vero voluptatum. Itaque facere et. Rerum reiciendis nobis."], ["created_at", "2020-01-28 12:03:14.672065"], ["updated_at", "2020-01-28 12:03:14.672065"]]
  [1m[35m (0.4ms)[0m  [1m[35mCOMMIT[0m
  [1m[35m (0.3ms)[0m  [1m[35mBEGIN[0m
  [1m[35mSQL (1.0ms)[0m  [1m[32mINSERT INTO "notices" ("title", "author", "content", "created_at", "updated_at") VALUES ($1, $2, $3, $4, $5) RETURNING "id"[0m  [["title", "I don't wanna talk. I wanna shoot."], ["author", "Harry Kim"], ["content", "Architecto modi fuga. Illum velit blanditiis. Quo adipisci ullam."], ["created_at", "2020-01-28 12:03:14.677399"], ["updated_at", "2020-01-28 12:03:14.677399"]]
  [1m[35m (1.2ms)[0m  [1m[35mCOMMIT[0m
  [1m[35m (0.0ms)[0m  [1m[35mBEGIN[0m
  [1m[35mSQL (0.6ms)[0m  [1m[32mINSERT INTO "notices" ("title", "author", "content", "created_at", "updated_at") VALUES ($1, $2, $3, $4, $5) RETURNING "id"[0m  [["title", "Damn fine coffee! And hot!"], ["author", "Kathryn Janeway"], ["content", "Exercitationem quod quidem. Commodi blanditiis earum. Impedit minus pariatur."], ["created_at", "2020-01-28 12:03:14.683079"], ["updated_at", "2020-01-28 12:03:14.683079"]]
  [1m[35m (1.3ms)[0m  [1m[35mCOMMIT[0m
  [1m[35m (1.0ms)[0m  [1m[35mBEGIN[0m
  [1m[35mSQL (0.4ms)[0m  [1m[32mINSERT INTO "notices" ("title", "author", "content", "created_at", "updated_at") VALUES ($1, $2, $3, $4, $5) RETURNING "id"[0m  [["title", "Do you want to know what the ultimate secret is? Laura did. The secret of knowing who killed you."], ["author", "Kira Nerys"], ["content", "Voluptatem voluptas qui. Inventore eum magnam. Consectetur ea velit."], ["created_at", "2020-01-28 12:03:14.688066"], ["updated_at", "2020-01-28 12:03:14.688066"]]
  [1m[35m (1.0ms)[0m  [1m[35mCOMMIT[0m
  [1m[35m (0.6ms)[0m  [1m[35mBEGIN[0m
  [1m[35mSQL (0.0ms)[0m  [1m[32mINSERT INTO "notices" ("title", "author", "content", "created_at", "updated_at") VALUES ($1, $2, $3, $4, $5) RETURNING "id"[0m  [["title", "Will this sadness that makes me cry my heart out — will it ever end? The answer, of course, is yes. One day the sadness will end."], ["author", "Malcolm Reed"], ["content", "Libero amet voluptas. Nam repellendus odit. Assumenda nihil nisi."], ["created_at", "2020-01-28 12:03:14.694049"], ["updated_at", "2020-01-28 12:03:14.694049"]]
  [1m[35m (1.3ms)[0m  [1m[35mCOMMIT[0m
  [1m[35m (0.6ms)[0m  [1m[35mBEGIN[0m
  [1m[35mSQL (0.8ms)[0m  [1m[32mINSERT INTO "notices" ("title", "author", "content", "created_at", "updated_at") VALUES ($1, $2, $3, $4, $5) RETURNING "id"[0m  [["title", "How's Annie? How's Annie? How's Annie?"], ["author", "The Doctor"], ["content", "Et labore quo. Nulla excepturi natus. Id dolor iste."], ["created_at", "2020-01-28 12:03:14.699304"], ["updated_at", "2020-01-28 12:03:14.699304"]]
  [1m[35m (1.3ms)[0m  [1m[35mCOMMIT[0m
  [1m[35m (1.0ms)[0m  [1m[35mBEGIN[0m
  [1m[35mSQL (0.6ms)[0m  [1m[32mINSERT INTO "notices" ("title", "author", "content", "created_at", "updated_at") VALUES ($1, $2, $3, $4, $5) RETURNING "id"[0m  [["title", "I have no idea where this will lead us. But I have a definite feeling it will be a place both wonderful and strange."], ["author", "Tom Paris"], ["content", "Fugit qui ipsum. Praesentium quos explicabo. Ratione incidunt sint."], ["created_at", "2020-01-28 12:03:14.704382"], ["updated_at", "2020-01-28 12:03:14.704382"]]
  [1m[35m (0.6ms)[0m  [1m[35mCOMMIT[0m
  [1m[35m (0.4ms)[0m  [1m[35mBEGIN[0m
  [1m[35mSQL (0.0ms)[0m  [1m[32mINSERT INTO "notices" ("title", "author", "content", "created_at", "updated_at") VALUES ($1, $2, $3, $4, $5) RETURNING "id"[0m  [["title", "There was a fish in the percolator!"], ["author", "Tuvok"], ["content", "Corporis quaerat voluptatem. Cumque odit adipisci. Aut consequatur atque."], ["created_at", "2020-01-28 12:03:14.710365"], ["updated_at", "2020-01-28 12:03:14.710365"]]
  [1m[35m (1.3ms)[0m  [1m[35mCOMMIT[0m
  [1m[35m (0.8ms)[0m  [1m[35mBEGIN[0m
  [1m[35mSQL (0.0ms)[0m  [1m[32mINSERT INTO "notices" ("title", "author", "content", "created_at", "updated_at") VALUES ($1, $2, $3, $4, $5) RETURNING "id"[0m  [["title", "It has been a pleasure speaking to you."], ["author", "Jadzia Dax"], ["content", "Atque et a. Harum et qui. Repellat illum illo."], ["created_at", "2020-01-28 12:03:14.715544"], ["updated_at", "2020-01-28 12:03:14.715544"]]
  [1m[35m (1.2ms)[0m  [1m[35mCOMMIT[0m
  [1m[35m (0.0ms)[0m  [1m[35mBEGIN[0m
  [1m[35mSQL (0.6ms)[0m  [1m[32mINSERT INTO "notices" ("title", "author", "content", "created_at", "updated_at") VALUES ($1, $2, $3, $4, $5) RETURNING "id"[0m  [["title", "The owls are not what they seem."], ["author", "Julian Bashir"], ["content", "Incidunt qui aspernatur. Qui est ea. Aut autem consequatur."], ["created_at", "2020-01-28 12:03:14.720971"], ["updated_at", "2020-01-28 12:03:14.720971"]]
  [1m[35m (1.2ms)[0m  [1m[35mCOMMIT[0m
  [1m[35m (1.2ms)[0m  [1m[35mBEGIN[0m
  [1m[35mSQL (0.2ms)[0m  [1m[32mINSERT INTO "notices" ("title", "author", "content", "created_at", "updated_at") VALUES ($1, $2, $3, $4, $5) RETURNING "id"[0m  [["title", "It has been a pleasure speaking to you."], ["author", "Beverly Crusher"], ["content", "Veritatis et tempora. Ipsam possimus enim. Dolorum corrupti eum."], ["created_at", "2020-01-28 12:03:14.726194"], ["updated_at", "2020-01-28 12:03:14.726194"]]
  [1m[35m (1.0ms)[0m  [1m[35mCOMMIT[0m
  [1m[35m (0.7ms)[0m  [1m[35mBEGIN[0m
  [1m[35mSQL (0.7ms)[0m  [1m[32mINSERT INTO "notices" ("title", "author", "content", "created_at", "updated_at") VALUES ($1, $2, $3, $4, $5) RETURNING "id"[0m  [["title", "There's nothing quite like urinating in the open air."], ["author", "Julian Bashir"], ["content", "Voluptatem magnam sed. Praesentium placeat necessitatibus. Quibusdam nisi dolor."], ["created_at", "2020-01-28 12:03:14.731978"], ["updated_at", "2020-01-28 12:03:14.731978"]]
  [1m[35m (1.4ms)[0m  [1m[35mCOMMIT[0m
  [1m[35m (1.0ms)[0m  [1m[35mBEGIN[0m
  [1m[35mSQL (0.4ms)[0m  [1m[32mINSERT INTO "notices" ("title", "author", "content", "created_at", "updated_at") VALUES ($1, $2, $3, $4, $5) RETURNING "id"[0m  [["title", "I don't wanna talk. I wanna shoot."], ["author", "Travis Mayweather"], ["content", "Deleniti excepturi velit. Eos sapiente non. Qui non laboriosam."], ["created_at", "2020-01-28 12:03:14.736982"], ["updated_at", "2020-01-28 12:03:14.736982"]]
  [1m[35m (0.7ms)[0m  [1m[35mCOMMIT[0m
  [1m[35m (0.6ms)[0m  [1m[35mBEGIN[0m
  [1m[35mSQL (0.6ms)[0m  [1m[32mINSERT INTO "notices" ("title", "author", "content", "created_at", "updated_at") VALUES ($1, $2, $3, $4, $5) RETURNING "id"[0m  [["title", "Cooper, you may be fearless in this world, but there are other worlds."], ["author", "Beverly Crusher"], ["content", "Cum incidunt voluptatem. Beatae architecto perferendis. Suscipit provident voluptate."], ["created_at", "2020-01-28 12:03:14.742949"], ["updated_at", "2020-01-28 12:03:14.742949"]]
  [1m[35m (1.3ms)[0m  [1m[35mCOMMIT[0m
Started GET "/notices" for ::1 at 2020-01-28 20:03:29 +0800
  [1m[35m (3.0ms)[0m  [1m[34mSELECT "schema_migrations"."version" FROM "schema_migrations" ORDER BY "schema_migrations"."version" ASC[0m
Processing by NoticesController#index as HTML
  [1m[36mNotice Load (3.1ms)[0m  [1m[34mSELECT "notices".* FROM "notices"[0m
Completed 200 OK in 148ms (Views: 113.9ms | ActiveRecord: 15.2ms)


Started GET "/favicon.ico" for ::1 at 2020-01-28 20:03:31 +0800
  
ActionController::RoutingError (No route matches [GET] "/favicon.ico"):
  
actionpack (5.1.7) lib/action_dispatch/middleware/debug_exceptions.rb:63:in `call'
actionpack (5.1.7) lib/action_dispatch/middleware/show_exceptions.rb:31:in `call'
railties (5.1.7) lib/rails/rack/logger.rb:36:in `call_app'
railties (5.1.7) lib/rails/rack/logger.rb:24:in `block in call'
activesupport (5.1.7) lib/active_support/tagged_logging.rb:69:in `block in tagged'
activesupport (5.1.7) lib/active_support/tagged_logging.rb:26:in `tagged'
activesupport (5.1.7) lib/active_support/tagged_logging.rb:69:in `tagged'
railties (5.1.7) lib/rails/rack/logger.rb:24:in `call'
actionpack (5.1.7) lib/action_dispatch/middleware/remote_ip.rb:79:in `call'
actionpack (5.1.7) lib/action_dispatch/middleware/request_id.rb:25:in `call'
rack (2.1.2) lib/rack/runtime.rb:24:in `call'
activesupport (5.1.7) lib/active_support/cache/strategy/local_cache_middleware.rb:27:in `call'
actionpack (5.1.7) lib/action_dispatch/middleware/executor.rb:12:in `call'
actionpack (5.1.7) lib/action_dispatch/middleware/static.rb:125:in `call'
rack (2.1.2) lib/rack/sendfile.rb:113:in `call'
railties (5.1.7) lib/rails/engine.rb:522:in `call'
puma (3.12.2) lib/puma/configuration.rb:227:in `call'
puma (3.12.2) lib/puma/server.rb:674:in `handle_request'
puma (3.12.2) lib/puma/server.rb:476:in `process_client'
puma (3.12.2) lib/puma/server.rb:334:in `block in run'
puma (3.12.2) lib/puma/thread_pool.rb:135:in `block in spawn_thread'
Started GET "/notices" for 127.0.0.1 at 2020-01-28 20:21:32 +0800
  [1m[35m (1.0ms)[0m  [1m[34mSELECT "schema_migrations"."version" FROM "schema_migrations" ORDER BY "schema_migrations"."version" ASC[0m
Processing by NoticesController#index as HTML
  [1m[36mNotice Load (2.0ms)[0m  [1m[34mSELECT "notices".* FROM "notices"[0m
Completed 200 OK in 87ms (Views: 70.2ms | ActiveRecord: 9.0ms)


Started GET "/" for 127.0.0.1 at 2020-01-28 20:21:35 +0800
Processing by Rails::WelcomeController#index as HTML
  Rendering C:/RailsInstaller/Ruby2.3.3/lib/ruby/gems/2.3.0/gems/railties-5.1.7/lib/rails/templates/rails/welcome/index.html.erb
  Rendered C:/RailsInstaller/Ruby2.3.3/lib/ruby/gems/2.3.0/gems/railties-5.1.7/lib/rails/templates/rails/welcome/index.html.erb (6.0ms)
Completed 200 OK in 133ms (Views: 59.3ms | ActiveRecord: 0.0ms)


Started GET "/" for ::1 at 2020-01-28 20:24:05 +0800
Processing by Rails::WelcomeController#index as HTML
  Rendering C:/RailsInstaller/Ruby2.3.3/lib/ruby/gems/2.3.0/gems/railties-5.1.7/lib/rails/templates/rails/welcome/index.html.erb
  Rendered C:/RailsInstaller/Ruby2.3.3/lib/ruby/gems/2.3.0/gems/railties-5.1.7/lib/rails/templates/rails/welcome/index.html.erb (3.0ms)
Completed 200 OK in 99ms (Views: 52.9ms | ActiveRecord: 0.0ms)


Started GET "/" for ::1 at 2020-01-28 20:35:34 +0800
Processing by Rails::WelcomeController#index as HTML
  Rendering C:/RailsInstaller/Ruby2.3.3/lib/ruby/gems/2.3.0/gems/railties-5.1.7/lib/rails/templates/rails/welcome/index.html.erb
  Rendered C:/RailsInstaller/Ruby2.3.3/lib/ruby/gems/2.3.0/gems/railties-5.1.7/lib/rails/templates/rails/welcome/index.html.erb (4.0ms)
Completed 200 OK in 89ms (Views: 47.3ms | ActiveRecord: 0.0ms)


Started GET "/" for ::1 at 2020-01-28 20:42:51 +0800
Processing by Rails::WelcomeController#index as HTML
  Rendering C:/RailsInstaller/Ruby2.3.3/lib/ruby/gems/2.3.0/gems/railties-5.1.7/lib/rails/templates/rails/welcome/index.html.erb
  Rendered C:/RailsInstaller/Ruby2.3.3/lib/ruby/gems/2.3.0/gems/railties-5.1.7/lib/rails/templates/rails/welcome/index.html.erb (4.9ms)
Completed 200 OK in 88ms (Views: 45.2ms | ActiveRecord: 0.0ms)


Started GET "/notices" for ::1 at 2020-01-28 20:42:55 +0800
Processing by NoticesController#index as HTML
  [1m[36mNotice Load (1.0ms)[0m  [1m[34mSELECT "notices".* FROM "notices"[0m
Completed 200 OK in 54ms (Views: 52.6ms | ActiveRecord: 1.0ms)


Started GET "/notices" for ::1 at 2020-01-28 20:45:06 +0800
  [1m[35m (1.0ms)[0m  [1m[34mSELECT "schema_migrations"."version" FROM "schema_migrations" ORDER BY "schema_migrations"."version" ASC[0m
Processing by NoticesController#index as */*
  [1m[36mNotice Load (2.0ms)[0m  [1m[34mSELECT "notices".* FROM "notices"[0m
Completed 200 OK in 89ms (Views: 73.2ms | ActiveRecord: 8.0ms)


Started GET "/notices" for ::1 at 2020-01-28 20:46:19 +0800
Processing by NoticesController#index as */*
  [1m[36mNotice Load (1.0ms)[0m  [1m[34mSELECT "notices".* FROM "notices"[0m
Completed 200 OK in 93ms (Views: 84.5ms | ActiveRecord: 8.0ms)


Started GET "/notices" for ::1 at 2020-01-28 21:02:31 +0800
  [1m[35m (2.0ms)[0m  [1m[34mSELECT "schema_migrations"."version" FROM "schema_migrations" ORDER BY "schema_migrations"."version" ASC[0m
Processing by NoticesController#index as HTML
  [1m[36mNotice Load (2.0ms)[0m  [1m[34mSELECT "notices".* FROM "notices"[0m
Completed 200 OK in 87ms (Views: 67.5ms | ActiveRecord: 11.0ms)


Started GET "/notices" for ::1 at 2020-01-28 21:02:34 +0800
Processing by NoticesController#index as */*
  [1m[36mNotice Load (1.0ms)[0m  [1m[34mSELECT "notices".* FROM "notices"[0m
Completed 200 OK in 93ms (Views: 86.2ms | ActiveRecord: 7.0ms)


Started GET "/notices" for ::1 at 2020-01-29 19:29:43 +0800
  [1m[35m (3.0ms)[0m  [1m[34mSELECT "schema_migrations"."version" FROM "schema_migrations" ORDER BY "schema_migrations"."version" ASC[0m
Processing by NoticesController#index as HTML
  [1m[36mNotice Load (2.0ms)[0m  [1m[34mSELECT "notices".* FROM "notices"[0m
Completed 200 OK in 108ms (Views: 83.4ms | ActiveRecord: 14.0ms)


Started GET "/notices" for ::1 at 2020-01-29 19:30:40 +0800
Processing by NoticesController#index as */*
  [1m[36mNotice Load (2.0ms)[0m  [1m[34mSELECT "notices".* FROM "notices"[0m
Completed 200 OK in 169ms (Views: 154.5ms | ActiveRecord: 14.1ms)


Started GET "/notices" for ::1 at 2020-01-29 19:40:53 +0800
Processing by NoticesController#index as */*
  [1m[36mNotice Load (0.0ms)[0m  [1m[34mSELECT "notices".* FROM "notices"[0m
Completed 200 OK in 71ms (Views: 69.5ms | ActiveRecord: 0.0ms)


Started GET "/notices" for ::1 at 2020-01-29 19:43:41 +0800
Processing by NoticesController#index as */*
  [1m[36mNotice Load (1.0ms)[0m  [1m[34mSELECT "notices".* FROM "notices"[0m
Completed 200 OK in 91ms (Views: 88.8ms | ActiveRecord: 1.0ms)


Started GET "/notices" for ::1 at 2020-01-29 19:45:32 +0800
Processing by NoticesController#index as */*
  [1m[36mNotice Load (0.0ms)[0m  [1m[34mSELECT "notices".* FROM "notices"[0m
Completed 200 OK in 75ms (Views: 74.7ms | ActiveRecord: 0.0ms)


Started GET "/notices" for ::1 at 2020-01-29 19:45:41 +0800
Processing by NoticesController#index as */*
  [1m[36mNotice Load (1.0ms)[0m  [1m[34mSELECT "notices".* FROM "notices"[0m
Completed 200 OK in 72ms (Views: 70.3ms | ActiveRecord: 1.0ms)


Started GET "/notices" for ::1 at 2020-01-29 19:48:34 +0800
Processing by NoticesController#index as HTML
  [1m[36mNotice Load (0.0ms)[0m  [1m[34mSELECT "notices".* FROM "notices"[0m
Completed 200 OK in 85ms (Views: 84.6ms | ActiveRecord: 0.0ms)


Started GET "/notices" for ::1 at 2020-01-29 19:54:50 +0800
Processing by NoticesController#index as */*
  [1m[36mNotice Load (1.6ms)[0m  [1m[34mSELECT "notices".* FROM "notices"[0m
Completed 200 OK in 70ms (Views: 67.8ms | ActiveRecord: 1.6ms)


Started GET "/notices" for ::1 at 2020-01-29 19:54:54 +0800
Processing by NoticesController#index as */*
  [1m[36mNotice Load (1.0ms)[0m  [1m[34mSELECT "notices".* FROM "notices"[0m
Completed 200 OK in 61ms (Views: 59.1ms | ActiveRecord: 1.0ms)


Started GET "/notices" for ::1 at 2020-01-29 20:02:01 +0800
Processing by NoticesController#index as */*
  [1m[36mNotice Load (1.0ms)[0m  [1m[34mSELECT "notices".* FROM "notices"[0m
Completed 200 OK in 83ms (Views: 81.4ms | ActiveRecord: 1.0ms)


Started GET "/notices" for ::1 at 2020-01-29 20:06:15 +0800
Processing by NoticesController#index as */*
  [1m[36mNotice Load (1.1ms)[0m  [1m[34mSELECT "notices".* FROM "notices"[0m
Completed 200 OK in 70ms (Views: 68.7ms | ActiveRecord: 1.1ms)


Started GET "/notices" for ::1 at 2020-01-29 20:06:22 +0800
Processing by NoticesController#index as */*
  [1m[36mNotice Load (1.0ms)[0m  [1m[34mSELECT "notices".* FROM "notices"[0m
Completed 200 OK in 61ms (Views: 58.3ms | ActiveRecord: 1.0ms)


Started GET "/notices" for ::1 at 2020-01-29 20:07:02 +0800
Processing by NoticesController#index as */*
  [1m[36mNotice Load (0.0ms)[0m  [1m[34mSELECT "notices".* FROM "notices"[0m
Completed 200 OK in 66ms (Views: 66.1ms | ActiveRecord: 0.0ms)


Started GET "/notices" for ::1 at 2020-01-29 20:09:25 +0800
Processing by NoticesController#index as */*
  [1m[36mNotice Load (0.0ms)[0m  [1m[34mSELECT "notices".* FROM "notices"[0m
Completed 200 OK in 58ms (Views: 58.0ms | ActiveRecord: 0.0ms)


Started GET "/notices" for ::1 at 2020-01-29 20:09:27 +0800
Processing by NoticesController#index as */*
  [1m[36mNotice Load (0.0ms)[0m  [1m[34mSELECT "notices".* FROM "notices"[0m
Completed 200 OK in 46ms (Views: 45.5ms | ActiveRecord: 0.0ms)


Started POST "/notices" for ::1 at 2020-01-29 20:10:18 +0800
Processing by NoticesController#create as HTML
  Parameters: {"author"=>"qwerty", "content"=>"rty", "title"=>"vaccine trials", "notice"=>{"title"=>"vaccine trials", "author"=>"qwerty", "content"=>"rty"}}
  [1m[35m (0.0ms)[0m  [1m[35mBEGIN[0m
  [1m[35mSQL (33.8ms)[0m  [1m[32mINSERT INTO "notices" ("title", "author", "content", "created_at", "updated_at") VALUES ($1, $2, $3, $4, $5) RETURNING "id"[0m  [["title", "vaccine trials"], ["author", "qwerty"], ["content", "rty"], ["created_at", "2020-01-29 12:10:18.328381"], ["updated_at", "2020-01-29 12:10:18.328381"]]
  [1m[35m (2.0ms)[0m  [1m[35mCOMMIT[0m
Completed 201 Created in 58ms (Views: 2.4ms | ActiveRecord: 35.8ms)


Started GET "/notices" for ::1 at 2020-01-29 20:13:00 +0800
Processing by NoticesController#index as */*
  [1m[36mNotice Load (0.0ms)[0m  [1m[34mSELECT "notices".* FROM "notices"[0m
Completed 200 OK in 70ms (Views: 70.6ms | ActiveRecord: 0.0ms)


Started GET "/notices" for ::1 at 2020-01-29 20:13:01 +0800
Processing by NoticesController#index as */*
  [1m[36mNotice Load (1.0ms)[0m  [1m[34mSELECT "notices".* FROM "notices"[0m
Completed 200 OK in 63ms (Views: 62.1ms | ActiveRecord: 1.0ms)


Started GET "/notices" for ::1 at 2020-01-29 20:13:12 +0800
Processing by NoticesController#index as */*
  [1m[36mNotice Load (0.0ms)[0m  [1m[34mSELECT "notices".* FROM "notices"[0m
Completed 200 OK in 42ms (Views: 42.1ms | ActiveRecord: 0.0ms)


Started GET "/notices" for ::1 at 2020-01-29 20:21:22 +0800
Processing by NoticesController#index as */*
  [1m[36mNotice Load (1.0ms)[0m  [1m[34mSELECT "notices".* FROM "notices"[0m
Completed 200 OK in 77ms (Views: 75.6ms | ActiveRecord: 1.0ms)


Started POST "/notices" for ::1 at 2020-01-29 20:21:43 +0800
Processing by NoticesController#create as HTML
  Parameters: {"author"=>"VJ", "content"=>"great", "title"=>"Winning", "notice"=>{"title"=>"Winning", "author"=>"VJ", "content"=>"great"}}
  [1m[35m (0.7ms)[0m  [1m[35mBEGIN[0m
  [1m[35mSQL (1.0ms)[0m  [1m[32mINSERT INTO "notices" ("title", "author", "content", "created_at", "updated_at") VALUES ($1, $2, $3, $4, $5) RETURNING "id"[0m  [["title", "Winning"], ["author", "VJ"], ["content", "great"], ["created_at", "2020-01-29 12:21:43.574870"], ["updated_at", "2020-01-29 12:21:43.574870"]]
  [1m[35m (1.0ms)[0m  [1m[35mCOMMIT[0m
Completed 201 Created in 22ms (Views: 1.2ms | ActiveRecord: 2.7ms)


Started POST "/notices" for ::1 at 2020-01-29 20:23:05 +0800
Processing by NoticesController#create as HTML
  Parameters: {"author"=>"VJ", "content"=>"coronavirus", "title"=>"vaccine trials", "notice"=>{"title"=>"vaccine trials", "author"=>"VJ", "content"=>"coronavirus"}}
  [1m[35m (1.0ms)[0m  [1m[35mBEGIN[0m
  [1m[35mSQL (1.0ms)[0m  [1m[32mINSERT INTO "notices" ("title", "author", "content", "created_at", "updated_at") VALUES ($1, $2, $3, $4, $5) RETURNING "id"[0m  [["title", "vaccine trials"], ["author", "VJ"], ["content", "coronavirus"], ["created_at", "2020-01-29 12:23:06.169990"], ["updated_at", "2020-01-29 12:23:06.169990"]]
  [1m[35m (28.5ms)[0m  [1m[35mCOMMIT[0m
Completed 201 Created in 62ms (Views: 2.8ms | ActiveRecord: 35.7ms)


Started GET "/notices" for ::1 at 2020-01-29 20:28:38 +0800
Processing by NoticesController#index as */*
  [1m[36mNotice Load (1.0ms)[0m  [1m[34mSELECT "notices".* FROM "notices"[0m
Completed 200 OK in 78ms (Views: 72.0ms | ActiveRecord: 1.0ms)


Started GET "/notices" for ::1 at 2020-01-29 20:57:42 +0800
  [1m[35m (2.0ms)[0m  [1m[34mSELECT "schema_migrations"."version" FROM "schema_migrations" ORDER BY "schema_migrations"."version" ASC[0m
Processing by NoticesController#index as HTML
  [1m[36mNotice Load (2.0ms)[0m  [1m[34mSELECT "notices".* FROM "notices"[0m
Completed 200 OK in 103ms (Views: 52.6ms | ActiveRecord: 9.0ms)


Started GET "/notices" for ::1 at 2020-01-29 20:58:12 +0800
Processing by NoticesController#index as */*
  [1m[36mNotice Load (1.0ms)[0m  [1m[34mSELECT "notices".* FROM "notices"[0m
Completed 200 OK in 134ms (Views: 65.6ms | ActiveRecord: 7.9ms)


Started POST "/notices" for ::1 at 2020-01-29 20:58:21 +0800
Processing by NoticesController#create as HTML
  Parameters: {"author"=>"VJ", "content"=>"panadol", "title"=>"Sam Trial", "notice"=>{"title"=>"Sam Trial", "author"=>"VJ", "content"=>"panadol"}}
  [1m[35m (1.1ms)[0m  [1m[35mBEGIN[0m
  [1m[35mSQL (1.0ms)[0m  [1m[32mINSERT INTO "notices" ("title", "author", "content", "created_at", "updated_at") VALUES ($1, $2, $3, $4, $5) RETURNING "id"[0m  [["title", "Sam Trial"], ["author", "VJ"], ["content", "panadol"], ["created_at", "2020-01-29 12:58:21.469162"], ["updated_at", "2020-01-29 12:58:21.469162"]]
  [1m[35m (30.7ms)[0m  [1m[35mCOMMIT[0m
Completed 201 Created in 49ms (Views: 2.5ms | ActiveRecord: 32.8ms)


Started POST "/notices" for ::1 at 2020-01-29 20:59:50 +0800
  [1m[35m (1.9ms)[0m  [1m[34mSELECT "schema_migrations"."version" FROM "schema_migrations" ORDER BY "schema_migrations"."version" ASC[0m
Processing by NoticesController#create as HTML
  Parameters: {"author"=>"VJ", "content"=>"great", "title"=>"vaccine trials", "notice"=>{"title"=>"vaccine trials", "author"=>"VJ", "content"=>"great"}}
  [1m[35m (0.0ms)[0m  [1m[35mBEGIN[0m
  [1m[35mSQL (2.0ms)[0m  [1m[32mINSERT INTO "notices" ("title", "author", "content", "created_at", "updated_at") VALUES ($1, $2, $3, $4, $5) RETURNING "id"[0m  [["title", "vaccine trials"], ["author", "VJ"], ["content", "great"], ["created_at", "2020-01-29 12:59:51.677344"], ["updated_at", "2020-01-29 12:59:51.677344"]]
  [1m[35m (0.0ms)[0m  [1m[35mCOMMIT[0m
Completed 201 Created in 31ms (Views: 2.5ms | ActiveRecord: 10.0ms)


Started GET "/notices" for ::1 at 2020-01-29 21:00:39 +0800
Processing by NoticesController#index as */*
  [1m[36mNotice Load (2.0ms)[0m  [1m[34mSELECT "notices".* FROM "notices"[0m
Completed 200 OK in 176ms (Views: 84.7ms | ActiveRecord: 13.1ms)


Started GET "/notices" for ::1 at 2020-01-29 21:01:35 +0800
Processing by NoticesController#index as */*
  [1m[36mNotice Load (0.0ms)[0m  [1m[34mSELECT "notices".* FROM "notices"[0m
Completed 200 OK in 87ms (Views: 76.3ms | ActiveRecord: 0.0ms)


Started POST "/notices" for ::1 at 2020-01-29 21:01:40 +0800
Processing by NoticesController#create as HTML
  Parameters: {"author"=>"VJ", "content"=>"rty", "title"=>"vaccine trials", "notice"=>{"title"=>"vaccine trials", "author"=>"VJ", "content"=>"rty"}}
  [1m[35m (0.4ms)[0m  [1m[35mBEGIN[0m
  [1m[35mSQL (2.6ms)[0m  [1m[32mINSERT INTO "notices" ("title", "author", "content", "created_at", "updated_at") VALUES ($1, $2, $3, $4, $5) RETURNING "id"[0m  [["title", "vaccine trials"], ["author", "VJ"], ["content", "rty"], ["created_at", "2020-01-29 13:01:40.383111"], ["updated_at", "2020-01-29 13:01:40.383111"]]
  [1m[35m (1.0ms)[0m  [1m[35mCOMMIT[0m
Completed 201 Created in 36ms (Views: 2.4ms | ActiveRecord: 4.1ms)


Started POST "/notices" for ::1 at 2020-01-29 21:02:04 +0800
Processing by NoticesController#create as HTML
  Parameters: {"author"=>"VJ", "content"=>"", "title"=>"vaccine trials", "notice"=>{"title"=>"vaccine trials", "author"=>"VJ", "content"=>""}}
  [1m[35m (0.4ms)[0m  [1m[35mBEGIN[0m
  [1m[35mSQL (0.3ms)[0m  [1m[32mINSERT INTO "notices" ("title", "author", "content", "created_at", "updated_at") VALUES ($1, $2, $3, $4, $5) RETURNING "id"[0m  [["title", "vaccine trials"], ["author", "VJ"], ["content", ""], ["created_at", "2020-01-29 13:02:04.244452"], ["updated_at", "2020-01-29 13:02:04.244452"]]
  [1m[35m (0.0ms)[0m  [1m[35mCOMMIT[0m
Completed 201 Created in 27ms (Views: 1.3ms | ActiveRecord: 0.7ms)


